IQ-TREE multicore version 2.2.0 COVID-edition for Linux 64-bit built Jun  1 2022
Developed by Bui Quang Minh, James Barbetti, Nguyen Lam Tung,
Olga Chernomor, Heiko Schmidt, Dominik Schrempf, Michael Woodhams, Ly Trong Nhan.

Host:    harriet (AVX, 503 GB RAM)
Command: /home/susana/iqtree-2.2.0-Linux/bin/iqtree2 -s tmp/28S_tree/Eimeira_ASV28S_align.fasta -m MFP -B 5000 -T AUTO
Seed:    967271 (Using SPRNG - Scalable Parallel Random Number Generator)
Time:    Wed Jan 18 16:40:36 2023
Kernel:  AVX - auto-detect threads (96 CPU cores detected)

Reading alignment file tmp/28S_tree/Eimeira_ASV28S_align.fasta ... Fasta format detected
Reading fasta file: done in 0.000103053 secs
Alignment most likely contains DNA/RNA sequences
Constructing alignment: done in 0.00423862 secs using 6161% CPU
Alignment has 8 sequences with 289 columns, 15 distinct patterns
4 parsimony-informative, 6 singleton sites, 279 constant sites
                                   Gap/Ambiguity  Composition  p-value
Analyzing sequences: done in 0.00494907 secs using 9979% CPU
   1  D3A_5Mod_46_F.D3B_5Mod_46_R_ASV_1    1.04%    passed     99.94%
   2  D3A_5Mod_46_F.D3B_5Mod_46_R_ASV_2    0.69%    passed     99.69%
   3  D3A_5Mod_46_F.D3B_5Mod_46_R_ASV_3    0.35%    passed     99.65%
   4  D3A_5Mod_46_F.D3B_5Mod_46_R_ASV_4    0.35%    passed     98.38%
   5  D3A_5Mod_46_F.D3B_5Mod_46_R_ASV_5    0.69%    passed     99.85%
   6  D3A_5Mod_46_F.D3B_5Mod_46_R_ASV_6    0.69%    passed     99.91%
   7  D3A_5Mod_46_F.D3B_5Mod_46_R_ASV_7    1.04%    passed     99.68%
   8  D3A_5Mod_46_F.D3B_5Mod_46_R_ASV_8    1.04%    passed     99.84%
****  TOTAL                                0.74%  0 sequences failed composition chi2 test (p-value<5%; df=3)
Checking for duplicate sequences: done in 0.00479265 secs using 8108% CPU


Create initial parsimony tree by phylogenetic likelihood library (PLL)... 0.000 seconds
Measuring multi-threading efficiency up to 96 CPU cores
Increase to 10 rounds for branch lengths
249637 trees examined
Threads: 1 / Time: 96.000 sec / Speedup: 1.000 / Efficiency: 100% / LogL: -497
WARNING: 2 threads for alignment length 15 will slow down analysis
Threads: 2 / Time: 72.189 sec / Speedup: 1.330 / Efficiency: 66% / LogL: -497
WARNING: 3 threads for alignment length 15 will slow down analysis
Threads: 3 / Time: 74.711 sec / Speedup: 1.285 / Efficiency: 43% / LogL: -497
Determining AUTO threadcount: done in 242.901 secs using 91.2% CPU
BEST NUMBER OF THREADS: 2

WARNING: 2 threads for alignment length 15 will slow down analysis
Perform fast likelihood tree search using GTR+I+G model...
Estimate model parameters (epsilon = 5.000)

WARNING: Estimated model parameters are at boundary that can cause numerical instability!

Perform nearest neighbor interchange...
Optimizing NNI: done in 0.000879884 secs using 185.4% CPU
Estimate model parameters (epsilon = 1.000)
1. Initial log-likelihood: -462.169
Optimal log-likelihood: -462.135
Rate parameters:  A-C: 0.00010  A-G: 54.05840  A-T: 15.41227  C-G: 0.00010  C-T: 100.00000  G-T: 1.00000
Base frequencies:  A: 0.259  C: 0.197  G: 0.289  T: 0.254
Proportion of invariable sites: 0.481
Gamma shape alpha: 998.448
Parameters optimization took 1 rounds (0.004 sec)

WARNING: Estimated model parameters are at boundary that can cause numerical instability!

Time for fast ML tree search: 0.014 seconds

NOTE: ModelFinder requires 0 MB RAM!
ModelFinder will test up to 484 DNA models (sample size: 289) ...
 No. Model         -LnL         df  AIC          AICc         BIC
Measuring multi-threading efficiency up to 96 CPU cores
Increase to 10 rounds for branch lengths
263728 trees examined
Threads: 1 / Time: 96.000 sec / Speedup: 1.000 / Efficiency: 100% / LogL: -489
WARNING: 2 threads for alignment length 15 will slow down analysis
Threads: 2 / Time: 58.993 sec / Speedup: 1.627 / Efficiency: 81% / LogL: -489
WARNING: 3 threads for alignment length 15 will slow down analysis
Threads: 3 / Time: 62.236 sec / Speedup: 1.543 / Efficiency: 51% / LogL: -489
WARNING: 4 threads for alignment length 15 will slow down analysis
Threads: 4 / Time: 61.462 sec / Speedup: 1.562 / Efficiency: 39% / LogL: -489
Determining AUTO threadcount: done in 278.692 secs using 92.12% CPU
BEST NUMBER OF THREADS: 2

WARNING: 2 threads for alignment length 15 will slow down analysis
  1  GTR+F         461.979      21  965.958      969.419      1042.953
Measuring multi-threading efficiency up to 96 CPU cores
Increase to 10 rounds for branch lengths
258444 trees examined
Threads: 1 / Time: 96.000 sec / Speedup: 1.000 / Efficiency: 100% / LogL: -485
WARNING: 2 threads for alignment length 15 will slow down analysis
Threads: 2 / Time: 52.354 sec / Speedup: 1.834 / Efficiency: 92% / LogL: -485
WARNING: 3 threads for alignment length 15 will slow down analysis
Threads: 3 / Time: 52.325 sec / Speedup: 1.835 / Efficiency: 61% / LogL: -485
WARNING: 4 threads for alignment length 15 will slow down analysis
Threads: 4 / Time: 52.334 sec / Speedup: 1.834 / Efficiency: 46% / LogL: -485
Determining AUTO threadcount: done in 253.013 secs using 88.7% CPU
BEST NUMBER OF THREADS: 2

WARNING: 2 threads for alignment length 15 will slow down analysis
  2  GTR+F+I       461.979      22  967.958      971.763      1048.620
Measuring multi-threading efficiency up to 96 CPU cores
Increase to 10 rounds for branch lengths
289762 trees examined
Threads: 1 / Time: 96.000 sec / Speedup: 1.000 / Efficiency: 100% / LogL: -485
WARNING: 2 threads for alignment length 15 will slow down analysis
Threads: 2 / Time: 69.165 sec / Speedup: 1.388 / Efficiency: 69% / LogL: -485
WARNING: 3 threads for alignment length 15 will slow down analysis
Threads: 3 / Time: 68.674 sec / Speedup: 1.398 / Efficiency: 47% / LogL: -485
Determining AUTO threadcount: done in 233.84 secs using 91.52% CPU
BEST NUMBER OF THREADS: 2

WARNING: 2 threads for alignment length 15 will slow down analysis
  3  GTR+F+G4      461.979      22  967.959      971.763      1048.620
Measuring multi-threading efficiency up to 96 CPU cores
Increase to 10 rounds for branch lengths
253174 trees examined
Threads: 1 / Time: 96.000 sec / Speedup: 1.000 / Efficiency: 100% / LogL: -486
WARNING: 2 threads for alignment length 15 will slow down analysis
Threads: 2 / Time: 72.309 sec / Speedup: 1.328 / Efficiency: 66% / LogL: -486
WARNING: 3 threads for alignment length 15 will slow down analysis
Threads: 3 / Time: 72.211 sec / Speedup: 1.329 / Efficiency: 44% / LogL: -486
Determining AUTO threadcount: done in 240.521 secs using 91.01% CPU
BEST NUMBER OF THREADS: 2

WARNING: 2 threads for alignment length 15 will slow down analysis
  4  GTR+F+I+G4    462.135      23  970.270      974.436      1054.598
Measuring multi-threading efficiency up to 96 CPU cores
Increase to 10 rounds for branch lengths
374400 trees examined
Threads: 1 / Time: 96.000 sec / Speedup: 1.000 / Efficiency: 100% / LogL: -486
WARNING: 2 threads for alignment length 15 will slow down analysis
Threads: 2 / Time: 60.318 sec / Speedup: 1.592 / Efficiency: 80% / LogL: -486
WARNING: 3 threads for alignment length 15 will slow down analysis
Threads: 3 / Time: 60.585 sec / Speedup: 1.585 / Efficiency: 53% / LogL: -486
WARNING: 4 threads for alignment length 15 will slow down analysis
Threads: 4 / Time: 60.510 sec / Speedup: 1.587 / Efficiency: 40% / LogL: -486
Determining AUTO threadcount: done in 277.414 secs using 89.96% CPU
BEST NUMBER OF THREADS: 2

WARNING: 2 threads for alignment length 15 will slow down analysis
  5  GTR+F+R2      462.053      23  970.105      974.271      1054.433
Measuring multi-threading efficiency up to 96 CPU cores
Increase to 10 rounds for branch lengths
312481 trees examined
Threads: 1 / Time: 96.000 sec / Speedup: 1.000 / Efficiency: 100% / LogL: -482
WARNING: 2 threads for alignment length 15 will slow down analysis
Threads: 2 / Time: 65.533 sec / Speedup: 1.465 / Efficiency: 73% / LogL: -482
WARNING: 3 threads for alignment length 15 will slow down analysis
Threads: 3 / Time: 65.567 sec / Speedup: 1.464 / Efficiency: 49% / LogL: -482
Determining AUTO threadcount: done in 227.101 secs using 90.62% CPU
BEST NUMBER OF THREADS: 2

WARNING: 2 threads for alignment length 15 will slow down analysis
  6  GTR+F+R3      462.071      25  974.141      979.084      1065.802
Measuring multi-threading efficiency up to 96 CPU cores
Increase to 10 rounds for branch lengths
292666 trees examined
Threads: 1 / Time: 96.000 sec / Speedup: 1.000 / Efficiency: 100% / LogL: -480
WARNING: 2 threads for alignment length 15 will slow down analysis
Threads: 2 / Time: 66.599 sec / Speedup: 1.441 / Efficiency: 72% / LogL: -480
WARNING: 3 threads for alignment length 15 will slow down analysis
Threads: 3 / Time: 66.594 sec / Speedup: 1.442 / Efficiency: 48% / LogL: -480
Determining AUTO threadcount: done in 229.194 secs using 89.52% CPU
BEST NUMBER OF THREADS: 2

WARNING: 2 threads for alignment length 15 will slow down analysis
 14  GTR+F+I+I+R2  462.268      24  972.535      977.081      1060.530
Measuring multi-threading efficiency up to 96 CPU cores
Increase to 10 rounds for branch lengths
273276 trees examined
Threads: 1 / Time: 96.000 sec / Speedup: 1.000 / Efficiency: 100% / LogL: -483
WARNING: 2 threads for alignment length 15 will slow down analysis
Threads: 2 / Time: 69.231 sec / Speedup: 1.387 / Efficiency: 69% / LogL: -483
WARNING: 3 threads for alignment length 15 will slow down analysis
Threads: 3 / Time: 68.995 sec / Speedup: 1.391 / Efficiency: 46% / LogL: -483
Determining AUTO threadcount: done in 234.227 secs using 90.29% CPU
BEST NUMBER OF THREADS: 2

WARNING: 2 threads for alignment length 15 will slow down analysis
 15  GTR+F+I+I+R3  462.286      26  976.572      981.931      1071.899
Measuring multi-threading efficiency up to 96 CPU cores
Increase to 10 rounds for branch lengths
353930 trees examined
Threads: 1 / Time: 96.000 sec / Speedup: 1.000 / Efficiency: 100% / LogL: -493
WARNING: 2 threads for alignment length 15 will slow down analysis
Threads: 2 / Time: 61.941 sec / Speedup: 1.550 / Efficiency: 77% / LogL: -493
WARNING: 3 threads for alignment length 15 will slow down analysis
Threads: 3 / Time: 61.962 sec / Speedup: 1.549 / Efficiency: 52% / LogL: -493
WARNING: 4 threads for alignment length 15 will slow down analysis
Threads: 4 / Time: 62.009 sec / Speedup: 1.548 / Efficiency: 39% / LogL: -493
Determining AUTO threadcount: done in 281.913 secs using 88.16% CPU
BEST NUMBER OF THREADS: 2

WARNING: 2 threads for alignment length 15 will slow down analysis
 23  SYM           464.957      18  965.913      968.446      1031.909
Measuring multi-threading efficiency up to 96 CPU cores
Increase to 10 rounds for branch lengths
342640 trees examined
Threads: 1 / Time: 96.000 sec / Speedup: 1.000 / Efficiency: 100% / LogL: -477
WARNING: 2 threads for alignment length 15 will slow down analysis
Threads: 2 / Time: 63.020 sec / Speedup: 1.523 / Efficiency: 76% / LogL: -477
WARNING: 3 threads for alignment length 15 will slow down analysis
Threads: 3 / Time: 63.030 sec / Speedup: 1.523 / Efficiency: 51% / LogL: -477
WARNING: 4 threads for alignment length 15 will slow down analysis
Threads: 4 / Time: 62.913 sec / Speedup: 1.526 / Efficiency: 38% / LogL: -477
Determining AUTO threadcount: done in 284.963 secs using 88.07% CPU
BEST NUMBER OF THREADS: 2

WARNING: 2 threads for alignment length 15 will slow down analysis
 24  SYM+I         464.957      19  967.913      970.738      1037.575
Measuring multi-threading efficiency up to 96 CPU cores
Increase to 10 rounds for branch lengths
275060 trees examined
Threads: 1 / Time: 96.000 sec / Speedup: 1.000 / Efficiency: 100% / LogL: -485
WARNING: 2 threads for alignment length 15 will slow down analysis
Threads: 2 / Time: 69.319 sec / Speedup: 1.385 / Efficiency: 69% / LogL: -485
WARNING: 3 threads for alignment length 15 will slow down analysis
Threads: 3 / Time: 69.270 sec / Speedup: 1.386 / Efficiency: 46% / LogL: -485
Determining AUTO threadcount: done in 234.59 secs using 91.21% CPU
BEST NUMBER OF THREADS: 2

WARNING: 2 threads for alignment length 15 will slow down analysis
 25  SYM+G4        464.957      19  967.913      970.739      1037.575
Measuring multi-threading efficiency up to 96 CPU cores
Increase to 10 rounds for branch lengths
431941 trees examined
Threads: 1 / Time: 96.000 sec / Speedup: 1.000 / Efficiency: 100% / LogL: -491
WARNING: 2 threads for alignment length 15 will slow down analysis
Threads: 2 / Time: 55.175 sec / Speedup: 1.740 / Efficiency: 87% / LogL: -491
WARNING: 3 threads for alignment length 15 will slow down analysis
Threads: 3 / Time: 55.266 sec / Speedup: 1.737 / Efficiency: 58% / LogL: -491
WARNING: 4 threads for alignment length 15 will slow down analysis
Threads: 4 / Time: 55.161 sec / Speedup: 1.740 / Efficiency: 44% / LogL: -491
Determining AUTO threadcount: done in 261.603 secs using 89.16% CPU
BEST NUMBER OF THREADS: 2

WARNING: 2 threads for alignment length 15 will slow down analysis
 45  TVM+F         462.406      20  964.811      967.945      1038.140
Measuring multi-threading efficiency up to 96 CPU cores
Increase to 10 rounds for branch lengths
323304 trees examined
Threads: 1 / Time: 96.001 sec / Speedup: 1.000 / Efficiency: 100% / LogL: -487
WARNING: 2 threads for alignment length 15 will slow down analysis
Threads: 2 / Time: 64.619 sec / Speedup: 1.486 / Efficiency: 74% / LogL: -487
WARNING: 3 threads for alignment length 15 will slow down analysis
Threads: 3 / Time: 64.816 sec / Speedup: 1.481 / Efficiency: 49% / LogL: -487
Determining AUTO threadcount: done in 225.436 secs using 88.3% CPU
BEST NUMBER OF THREADS: 2

WARNING: 2 threads for alignment length 15 will slow down analysis
 46  TVM+F+I       462.402      21  966.803      970.264      1043.798
Measuring multi-threading efficiency up to 96 CPU cores
Increase to 10 rounds for branch lengths
260671 trees examined
Threads: 1 / Time: 96.000 sec / Speedup: 1.000 / Efficiency: 100% / LogL: -487
WARNING: 2 threads for alignment length 15 will slow down analysis
Threads: 2 / Time: 70.642 sec / Speedup: 1.359 / Efficiency: 68% / LogL: -487
WARNING: 3 threads for alignment length 15 will slow down analysis
Threads: 3 / Time: 70.571 sec / Speedup: 1.360 / Efficiency: 45% / LogL: -487
Determining AUTO threadcount: done in 237.214 secs using 91.23% CPU
BEST NUMBER OF THREADS: 2

WARNING: 2 threads for alignment length 15 will slow down analysis
 47  TVM+F+G4      462.402      21  966.804      970.264      1043.799
Measuring multi-threading efficiency up to 96 CPU cores
Increase to 10 rounds for branch lengths
462258 trees examined
Threads: 1 / Time: 96.000 sec / Speedup: 1.000 / Efficiency: 100% / LogL: -493
WARNING: 2 threads for alignment length 15 will slow down analysis
Threads: 2 / Time: 52.852 sec / Speedup: 1.816 / Efficiency: 91% / LogL: -493
WARNING: 3 threads for alignment length 15 will slow down analysis
Threads: 3 / Time: 52.719 sec / Speedup: 1.821 / Efficiency: 61% / LogL: -493
WARNING: 4 threads for alignment length 15 will slow down analysis
Threads: 4 / Time: 52.686 sec / Speedup: 1.822 / Efficiency: 46% / LogL: -493
Determining AUTO threadcount: done in 254.258 secs using 89.63% CPU
BEST NUMBER OF THREADS: 2

WARNING: 2 threads for alignment length 15 will slow down analysis
 67  TVMe          465.144      17  964.288      966.546      1026.617
Measuring multi-threading efficiency up to 96 CPU cores
Increase to 10 rounds for branch lengths
347648 trees examined
Threads: 1 / Time: 96.000 sec / Speedup: 1.000 / Efficiency: 100% / LogL: -483
WARNING: 2 threads for alignment length 15 will slow down analysis
Threads: 2 / Time: 62.550 sec / Speedup: 1.535 / Efficiency: 77% / LogL: -483
WARNING: 3 threads for alignment length 15 will slow down analysis
Threads: 3 / Time: 62.530 sec / Speedup: 1.535 / Efficiency: 51% / LogL: -483
WARNING: 4 threads for alignment length 15 will slow down analysis
Threads: 4 / Time: 62.455 sec / Speedup: 1.537 / Efficiency: 38% / LogL: -483
Determining AUTO threadcount: done in 283.536 secs using 88.18% CPU
BEST NUMBER OF THREADS: 2

WARNING: 2 threads for alignment length 15 will slow down analysis
 68  TVMe+I        465.142      18  966.284      968.817      1032.280
Measuring multi-threading efficiency up to 96 CPU cores
Increase to 10 rounds for branch lengths
345543 trees examined
Threads: 1 / Time: 96.000 sec / Speedup: 1.000 / Efficiency: 100% / LogL: -489
WARNING: 2 threads for alignment length 15 will slow down analysis
Threads: 2 / Time: 62.479 sec / Speedup: 1.537 / Efficiency: 77% / LogL: -489
WARNING: 3 threads for alignment length 15 will slow down analysis
Threads: 3 / Time: 62.430 sec / Speedup: 1.538 / Efficiency: 51% / LogL: -489
WARNING: 4 threads for alignment length 15 will slow down analysis
Threads: 4 / Time: 62.514 sec / Speedup: 1.536 / Efficiency: 38% / LogL: -489
Determining AUTO threadcount: done in 283.424 secs using 91.75% CPU
BEST NUMBER OF THREADS: 2

WARNING: 2 threads for alignment length 15 will slow down analysis
 69  TVMe+G4       465.142      18  966.284      968.818      1032.280
Measuring multi-threading efficiency up to 96 CPU cores
Increase to 10 rounds for branch lengths
436130 trees examined
Threads: 1 / Time: 96.000 sec / Speedup: 1.000 / Efficiency: 100% / LogL: -492
WARNING: 2 threads for alignment length 15 will slow down analysis
Threads: 2 / Time: 54.324 sec / Speedup: 1.767 / Efficiency: 88% / LogL: -492
WARNING: 3 threads for alignment length 15 will slow down analysis
Threads: 3 / Time: 54.253 sec / Speedup: 1.769 / Efficiency: 59% / LogL: -492
WARNING: 4 threads for alignment length 15 will slow down analysis
Threads: 4 / Time: 54.318 sec / Speedup: 1.767 / Efficiency: 44% / LogL: -492
Determining AUTO threadcount: done in 258.896 secs using 89.05% CPU
BEST NUMBER OF THREADS: 2

WARNING: 2 threads for alignment length 15 will slow down analysis
 89  TIM3+F        462.681      19  963.363      966.188      1033.025
Measuring multi-threading efficiency up to 96 CPU cores
Increase to 10 rounds for branch lengths
321369 trees examined
Threads: 1 / Time: 96.000 sec / Speedup: 1.000 / Efficiency: 100% / LogL: -491
WARNING: 2 threads for alignment length 15 will slow down analysis
Threads: 2 / Time: 63.944 sec / Speedup: 1.501 / Efficiency: 75% / LogL: -491
WARNING: 3 threads for alignment length 15 will slow down analysis
Threads: 3 / Time: 63.885 sec / Speedup: 1.503 / Efficiency: 50% / LogL: -491
WARNING: 4 threads for alignment length 15 will slow down analysis
Threads: 4 / Time: 63.923 sec / Speedup: 1.502 / Efficiency: 38% / LogL: -491
Determining AUTO threadcount: done in 287.753 secs using 87.95% CPU
BEST NUMBER OF THREADS: 2

WARNING: 2 threads for alignment length 15 will slow down analysis
 90  TIM3+F+I      462.681      20  965.362      968.496      1038.690
Measuring multi-threading efficiency up to 96 CPU cores
Increase to 10 rounds for branch lengths
270945 trees examined
Threads: 1 / Time: 96.000 sec / Speedup: 1.000 / Efficiency: 100% / LogL: -483
WARNING: 2 threads for alignment length 15 will slow down analysis
Threads: 2 / Time: 69.657 sec / Speedup: 1.378 / Efficiency: 69% / LogL: -483
WARNING: 3 threads for alignment length 15 will slow down analysis
Threads: 3 / Time: 69.656 sec / Speedup: 1.378 / Efficiency: 46% / LogL: -483
Determining AUTO threadcount: done in 235.314 secs using 91.35% CPU
BEST NUMBER OF THREADS: 2

WARNING: 2 threads for alignment length 15 will slow down analysis
 91  TIM3+F+G4     462.681      20  965.362      968.497      1038.691
Measuring multi-threading efficiency up to 96 CPU cores
Increase to 10 rounds for branch lengths
459464 trees examined
Threads: 1 / Time: 96.000 sec / Speedup: 1.000 / Efficiency: 100% / LogL: -495
WARNING: 2 threads for alignment length 15 will slow down analysis
Threads: 2 / Time: 52.868 sec / Speedup: 1.816 / Efficiency: 91% / LogL: -495
WARNING: 3 threads for alignment length 15 will slow down analysis
Threads: 3 / Time: 52.835 sec / Speedup: 1.817 / Efficiency: 61% / LogL: -495
WARNING: 4 threads for alignment length 15 will slow down analysis
Threads: 4 / Time: 52.898 sec / Speedup: 1.815 / Efficiency: 45% / LogL: -495
Determining AUTO threadcount: done in 254.601 secs using 89.64% CPU
BEST NUMBER OF THREADS: 2

WARNING: 2 threads for alignment length 15 will slow down analysis
111  TIM3e         465.624      16  963.249      965.249      1021.912
Measuring multi-threading efficiency up to 96 CPU cores
Increase to 10 rounds for branch lengths
346337 trees examined
Threads: 1 / Time: 96.000 sec / Speedup: 1.000 / Efficiency: 100% / LogL: -489
WARNING: 2 threads for alignment length 15 will slow down analysis
Threads: 2 / Time: 62.386 sec / Speedup: 1.539 / Efficiency: 77% / LogL: -489
WARNING: 3 threads for alignment length 15 will slow down analysis
Threads: 3 / Time: 62.352 sec / Speedup: 1.540 / Efficiency: 51% / LogL: -489
WARNING: 4 threads for alignment length 15 will slow down analysis
Threads: 4 / Time: 62.443 sec / Speedup: 1.537 / Efficiency: 38% / LogL: -489
Determining AUTO threadcount: done in 283.181 secs using 88.13% CPU
BEST NUMBER OF THREADS: 2

WARNING: 2 threads for alignment length 15 will slow down analysis
112  TIM3e+I       465.624      17  965.248      967.507      1027.578
Measuring multi-threading efficiency up to 96 CPU cores
Increase to 10 rounds for branch lengths
276333 trees examined
Threads: 1 / Time: 96.000 sec / Speedup: 1.000 / Efficiency: 100% / LogL: -491
WARNING: 2 threads for alignment length 15 will slow down analysis
Threads: 2 / Time: 69.480 sec / Speedup: 1.382 / Efficiency: 69% / LogL: -491
WARNING: 3 threads for alignment length 15 will slow down analysis
Threads: 3 / Time: 69.497 sec / Speedup: 1.381 / Efficiency: 46% / LogL: -491
Determining AUTO threadcount: done in 234.978 secs using 91.45% CPU
BEST NUMBER OF THREADS: 2

WARNING: 2 threads for alignment length 15 will slow down analysis
113  TIM3e+G4      465.624      17  965.249      967.507      1027.578
Measuring multi-threading efficiency up to 96 CPU cores
Increase to 10 rounds for branch lengths
443755 trees examined
Threads: 1 / Time: 96.000 sec / Speedup: 1.000 / Efficiency: 100% / LogL: -493
WARNING: 2 threads for alignment length 15 will slow down analysis
Threads: 2 / Time: 54.810 sec / Speedup: 1.752 / Efficiency: 88% / LogL: -493
WARNING: 3 threads for alignment length 15 will slow down analysis
Threads: 3 / Time: 54.764 sec / Speedup: 1.753 / Efficiency: 58% / LogL: -493
WARNING: 4 threads for alignment length 15 will slow down analysis
Threads: 4 / Time: 54.848 sec / Speedup: 1.750 / Efficiency: 44% / LogL: -493
Determining AUTO threadcount: done in 260.423 secs using 89.54% CPU
BEST NUMBER OF THREADS: 2

WARNING: 2 threads for alignment length 15 will slow down analysis
133  TIM2+F        462.609      19  963.218      966.043      1032.880
Measuring multi-threading efficiency up to 96 CPU cores
Increase to 10 rounds for branch lengths
338921 trees examined
Threads: 1 / Time: 96.000 sec / Speedup: 1.000 / Efficiency: 100% / LogL: -490
WARNING: 2 threads for alignment length 15 will slow down analysis
Threads: 2 / Time: 62.901 sec / Speedup: 1.526 / Efficiency: 76% / LogL: -490
WARNING: 3 threads for alignment length 15 will slow down analysis
Threads: 3 / Time: 62.851 sec / Speedup: 1.527 / Efficiency: 51% / LogL: -490
WARNING: 4 threads for alignment length 15 will slow down analysis
Threads: 4 / Time: 62.896 sec / Speedup: 1.526 / Efficiency: 38% / LogL: -490
Determining AUTO threadcount: done in 284.649 secs using 88% CPU
BEST NUMBER OF THREADS: 2

WARNING: 2 threads for alignment length 15 will slow down analysis
134  TIM2+F+I      462.609      20  965.218      968.352      1038.546
Measuring multi-threading efficiency up to 96 CPU cores
Increase to 10 rounds for branch lengths
293597 trees examined
Threads: 1 / Time: 96.000 sec / Speedup: 1.000 / Efficiency: 100% / LogL: -489
WARNING: 2 threads for alignment length 15 will slow down analysis
Threads: 2 / Time: 67.254 sec / Speedup: 1.427 / Efficiency: 71% / LogL: -489
WARNING: 3 threads for alignment length 15 will slow down analysis
Threads: 3 / Time: 67.342 sec / Speedup: 1.426 / Efficiency: 48% / LogL: -489
Determining AUTO threadcount: done in 230.596 secs using 91.47% CPU
BEST NUMBER OF THREADS: 2

WARNING: 2 threads for alignment length 15 will slow down analysis
135  TIM2+F+G4     462.609      20  965.218      968.352      1038.546
Measuring multi-threading efficiency up to 96 CPU cores
Increase to 10 rounds for branch lengths
359887 trees examined
Threads: 1 / Time: 96.000 sec / Speedup: 1.000 / Efficiency: 100% / LogL: -496
WARNING: 2 threads for alignment length 15 will slow down analysis
Threads: 2 / Time: 61.714 sec / Speedup: 1.556 / Efficiency: 78% / LogL: -496
WARNING: 3 threads for alignment length 15 will slow down analysis
Threads: 3 / Time: 61.638 sec / Speedup: 1.557 / Efficiency: 52% / LogL: -496
WARNING: 4 threads for alignment length 15 will slow down analysis
Threads: 4 / Time: 61.695 sec / Speedup: 1.556 / Efficiency: 39% / LogL: -496
Determining AUTO threadcount: done in 281.047 secs using 88.19% CPU
BEST NUMBER OF THREADS: 2

WARNING: 2 threads for alignment length 15 will slow down analysis
155  TIM2e         465.643      16  963.286      965.286      1021.948
Measuring multi-threading efficiency up to 96 CPU cores
Increase to 10 rounds for branch lengths
346373 trees examined
Threads: 1 / Time: 96.000 sec / Speedup: 1.000 / Efficiency: 100% / LogL: -487
WARNING: 2 threads for alignment length 15 will slow down analysis
Threads: 2 / Time: 62.396 sec / Speedup: 1.539 / Efficiency: 77% / LogL: -487
WARNING: 3 threads for alignment length 15 will slow down analysis
Threads: 3 / Time: 62.554 sec / Speedup: 1.535 / Efficiency: 51% / LogL: -487
WARNING: 4 threads for alignment length 15 will slow down analysis
Threads: 4 / Time: 62.536 sec / Speedup: 1.535 / Efficiency: 38% / LogL: -487
Determining AUTO threadcount: done in 283.486 secs using 88.07% CPU
BEST NUMBER OF THREADS: 2

WARNING: 2 threads for alignment length 15 will slow down analysis
156  TIM2e+I       465.643      17  965.286      967.544      1027.615
Measuring multi-threading efficiency up to 96 CPU cores
Increase to 10 rounds for branch lengths
276078 trees examined
Threads: 1 / Time: 96.000 sec / Speedup: 1.000 / Efficiency: 100% / LogL: -491
WARNING: 2 threads for alignment length 15 will slow down analysis
Threads: 2 / Time: 69.078 sec / Speedup: 1.390 / Efficiency: 69% / LogL: -491
WARNING: 3 threads for alignment length 15 will slow down analysis
Threads: 3 / Time: 69.021 sec / Speedup: 1.391 / Efficiency: 46% / LogL: -491
Determining AUTO threadcount: done in 234.1 secs using 91.29% CPU
BEST NUMBER OF THREADS: 2

WARNING: 2 threads for alignment length 15 will slow down analysis
157  TIM2e+G4      465.643      17  965.286      967.544      1027.615
Measuring multi-threading efficiency up to 96 CPU cores
Increase to 10 rounds for branch lengths
444563 trees examined
Threads: 1 / Time: 96.000 sec / Speedup: 1.000 / Efficiency: 100% / LogL: -492
WARNING: 2 threads for alignment length 15 will slow down analysis
Threads: 2 / Time: 54.755 sec / Speedup: 1.753 / Efficiency: 88% / LogL: -492
WARNING: 3 threads for alignment length 15 will slow down analysis
Threads: 3 / Time: 54.658 sec / Speedup: 1.756 / Efficiency: 59% / LogL: -492
WARNING: 4 threads for alignment length 15 will slow down analysis
Threads: 4 / Time: 54.706 sec / Speedup: 1.755 / Efficiency: 44% / LogL: -492
Determining AUTO threadcount: done in 260.119 secs using 89.54% CPU
BEST NUMBER OF THREADS: 2

WARNING: 2 threads for alignment length 15 will slow down analysis
177  TIM+F         462.654      19  963.308      966.133      1032.970
Measuring multi-threading efficiency up to 96 CPU cores
Increase to 10 rounds for branch lengths
340305 trees examined
Threads: 1 / Time: 96.000 sec / Speedup: 1.000 / Efficiency: 100% / LogL: -490
WARNING: 2 threads for alignment length 15 will slow down analysis
Threads: 2 / Time: 63.004 sec / Speedup: 1.524 / Efficiency: 76% / LogL: -490
WARNING: 3 threads for alignment length 15 will slow down analysis
Threads: 3 / Time: 63.008 sec / Speedup: 1.524 / Efficiency: 51% / LogL: -490
WARNING: 4 threads for alignment length 15 will slow down analysis
Threads: 4 / Time: 62.946 sec / Speedup: 1.525 / Efficiency: 38% / LogL: -490
Determining AUTO threadcount: done in 284.958 secs using 88.05% CPU
BEST NUMBER OF THREADS: 2

WARNING: 2 threads for alignment length 15 will slow down analysis
178  TIM+F+I       462.654      20  965.308      968.442      1038.636
Measuring multi-threading efficiency up to 96 CPU cores
Increase to 10 rounds for branch lengths
293640 trees examined
Threads: 1 / Time: 96.000 sec / Speedup: 1.000 / Efficiency: 100% / LogL: -485
WARNING: 2 threads for alignment length 15 will slow down analysis
Threads: 2 / Time: 67.234 sec / Speedup: 1.428 / Efficiency: 71% / LogL: -485
WARNING: 3 threads for alignment length 15 will slow down analysis
Threads: 3 / Time: 67.162 sec / Speedup: 1.429 / Efficiency: 48% / LogL: -485
Determining AUTO threadcount: done in 230.396 secs using 91.51% CPU
BEST NUMBER OF THREADS: 2

WARNING: 2 threads for alignment length 15 will slow down analysis
179  TIM+F+G4      462.654      20  965.308      968.442      1038.637
Measuring multi-threading efficiency up to 96 CPU cores
Increase to 10 rounds for branch lengths
360066 trees examined
Threads: 1 / Time: 96.000 sec / Speedup: 1.000 / Efficiency: 100% / LogL: -496
WARNING: 2 threads for alignment length 15 will slow down analysis
Threads: 2 / Time: 61.712 sec / Speedup: 1.556 / Efficiency: 78% / LogL: -496
WARNING: 3 threads for alignment length 15 will slow down analysis
Threads: 3 / Time: 61.699 sec / Speedup: 1.556 / Efficiency: 52% / LogL: -496
WARNING: 4 threads for alignment length 15 will slow down analysis
Threads: 4 / Time: 61.722 sec / Speedup: 1.555 / Efficiency: 39% / LogL: -496
Determining AUTO threadcount: done in 281.134 secs using 88.15% CPU
BEST NUMBER OF THREADS: 2

WARNING: 2 threads for alignment length 15 will slow down analysis
199  TIMe          465.672      16  963.343      965.343      1022.006
Measuring multi-threading efficiency up to 96 CPU cores
Increase to 10 rounds for branch lengths
347025 trees examined
Threads: 1 / Time: 96.000 sec / Speedup: 1.000 / Efficiency: 100% / LogL: -491
WARNING: 2 threads for alignment length 15 will slow down analysis
Threads: 2 / Time: 62.653 sec / Speedup: 1.532 / Efficiency: 77% / LogL: -491
WARNING: 3 threads for alignment length 15 will slow down analysis
Threads: 3 / Time: 62.603 sec / Speedup: 1.533 / Efficiency: 51% / LogL: -491
WARNING: 4 threads for alignment length 15 will slow down analysis
Threads: 4 / Time: 62.576 sec / Speedup: 1.534 / Efficiency: 38% / LogL: -491
Determining AUTO threadcount: done in 283.833 secs using 88.16% CPU
BEST NUMBER OF THREADS: 2

WARNING: 2 threads for alignment length 15 will slow down analysis
200  TIMe+I        465.672      17  965.343      967.602      1027.673
Measuring multi-threading efficiency up to 96 CPU cores
Increase to 10 rounds for branch lengths
275599 trees examined
Threads: 1 / Time: 96.000 sec / Speedup: 1.000 / Efficiency: 100% / LogL: -493
WARNING: 2 threads for alignment length 15 will slow down analysis
Threads: 2 / Time: 69.198 sec / Speedup: 1.387 / Efficiency: 69% / LogL: -493
WARNING: 3 threads for alignment length 15 will slow down analysis
Threads: 3 / Time: 69.139 sec / Speedup: 1.389 / Efficiency: 46% / LogL: -493
Determining AUTO threadcount: done in 234.338 secs using 91.23% CPU
BEST NUMBER OF THREADS: 2

WARNING: 2 threads for alignment length 15 will slow down analysis
201  TIMe+G4       465.672      17  965.344      967.602      1027.673
Measuring multi-threading efficiency up to 96 CPU cores
Increase to 10 rounds for branch lengths
436937 trees examined
Threads: 1 / Time: 96.000 sec / Speedup: 1.000 / Efficiency: 100% / LogL: -492
WARNING: 2 threads for alignment length 15 will slow down analysis
Threads: 2 / Time: 54.197 sec / Speedup: 1.771 / Efficiency: 89% / LogL: -492
WARNING: 3 threads for alignment length 15 will slow down analysis
Threads: 3 / Time: 54.252 sec / Speedup: 1.770 / Efficiency: 59% / LogL: -492
WARNING: 4 threads for alignment length 15 will slow down analysis
Threads: 4 / Time: 54.260 sec / Speedup: 1.769 / Efficiency: 44% / LogL: -492
Determining AUTO threadcount: done in 258.71 secs using 89.32% CPU
BEST NUMBER OF THREADS: 2

WARNING: 2 threads for alignment length 15 will slow down analysis
221  TPM3u+F       463.111      18  962.222      964.756      1028.218
Measuring multi-threading efficiency up to 96 CPU cores
Increase to 10 rounds for branch lengths
323532 trees examined
Threads: 1 / Time: 96.000 sec / Speedup: 1.000 / Efficiency: 100% / LogL: -490
WARNING: 2 threads for alignment length 15 will slow down analysis
Threads: 2 / Time: 64.457 sec / Speedup: 1.489 / Efficiency: 74% / LogL: -490
WARNING: 3 threads for alignment length 15 will slow down analysis
Threads: 3 / Time: 64.425 sec / Speedup: 1.490 / Efficiency: 50% / LogL: -490
Determining AUTO threadcount: done in 224.883 secs using 88.28% CPU
BEST NUMBER OF THREADS: 2

WARNING: 2 threads for alignment length 15 will slow down analysis
222  TPM3u+F+I     463.111      19  964.221      967.047      1033.884
Measuring multi-threading efficiency up to 96 CPU cores
Increase to 10 rounds for branch lengths
271149 trees examined
Threads: 1 / Time: 96.000 sec / Speedup: 1.000 / Efficiency: 100% / LogL: -489
WARNING: 2 threads for alignment length 15 will slow down analysis
Threads: 2 / Time: 69.738 sec / Speedup: 1.377 / Efficiency: 69% / LogL: -489
WARNING: 3 threads for alignment length 15 will slow down analysis
Threads: 3 / Time: 69.594 sec / Speedup: 1.379 / Efficiency: 46% / LogL: -489
Determining AUTO threadcount: done in 235.333 secs using 91.48% CPU
BEST NUMBER OF THREADS: 2

WARNING: 2 threads for alignment length 15 will slow down analysis
223  TPM3u+F+G4    463.111      19  964.222      967.047      1033.884
Measuring multi-threading efficiency up to 96 CPU cores
Increase to 10 rounds for branch lengths
460497 trees examined
Threads: 1 / Time: 96.000 sec / Speedup: 1.000 / Efficiency: 100% / LogL: -495
WARNING: 2 threads for alignment length 15 will slow down analysis
Threads: 2 / Time: 52.746 sec / Speedup: 1.820 / Efficiency: 91% / LogL: -495
WARNING: 3 threads for alignment length 15 will slow down analysis
Threads: 3 / Time: 52.767 sec / Speedup: 1.819 / Efficiency: 61% / LogL: -495
WARNING: 4 threads for alignment length 15 will slow down analysis
Threads: 4 / Time: 52.779 sec / Speedup: 1.819 / Efficiency: 45% / LogL: -495
Determining AUTO threadcount: done in 254.293 secs using 89.6% CPU
BEST NUMBER OF THREADS: 2

WARNING: 2 threads for alignment length 15 will slow down analysis
243  TPM3          465.821      15  961.641      963.400      1016.638
Measuring multi-threading efficiency up to 96 CPU cores
Increase to 10 rounds for branch lengths
347368 trees examined
Threads: 1 / Time: 96.000 sec / Speedup: 1.000 / Efficiency: 100% / LogL: -484
WARNING: 2 threads for alignment length 15 will slow down analysis
Threads: 2 / Time: 62.080 sec / Speedup: 1.546 / Efficiency: 77% / LogL: -484
WARNING: 3 threads for alignment length 15 will slow down analysis
Threads: 3 / Time: 62.023 sec / Speedup: 1.548 / Efficiency: 52% / LogL: -484
WARNING: 4 threads for alignment length 15 will slow down analysis
Threads: 4 / Time: 62.087 sec / Speedup: 1.546 / Efficiency: 39% / LogL: -484
Determining AUTO threadcount: done in 282.19 secs using 88.35% CPU
BEST NUMBER OF THREADS: 2

WARNING: 2 threads for alignment length 15 will slow down analysis
244  TPM3+I        465.820      16  963.641      965.641      1022.303
Measuring multi-threading efficiency up to 96 CPU cores
Increase to 10 rounds for branch lengths
359582 trees examined
Threads: 1 / Time: 96.000 sec / Speedup: 1.000 / Efficiency: 100% / LogL: -485
WARNING: 2 threads for alignment length 15 will slow down analysis
Threads: 2 / Time: 61.174 sec / Speedup: 1.569 / Efficiency: 78% / LogL: -485
WARNING: 3 threads for alignment length 15 will slow down analysis
Threads: 3 / Time: 61.180 sec / Speedup: 1.569 / Efficiency: 52% / LogL: -485
WARNING: 4 threads for alignment length 15 will slow down analysis
Threads: 4 / Time: 61.112 sec / Speedup: 1.571 / Efficiency: 39% / LogL: -485
Determining AUTO threadcount: done in 279.466 secs using 91.62% CPU
BEST NUMBER OF THREADS: 2

WARNING: 2 threads for alignment length 15 will slow down analysis
245  TPM3+G4       465.820      16  963.641      965.641      1022.304
Measuring multi-threading efficiency up to 96 CPU cores
Increase to 10 rounds for branch lengths
438285 trees examined
Threads: 1 / Time: 96.000 sec / Speedup: 1.000 / Efficiency: 100% / LogL: -494
WARNING: 2 threads for alignment length 15 will slow down analysis
Threads: 2 / Time: 53.859 sec / Speedup: 1.782 / Efficiency: 89% / LogL: -494
WARNING: 3 threads for alignment length 15 will slow down analysis
Threads: 3 / Time: 53.828 sec / Speedup: 1.783 / Efficiency: 59% / LogL: -494
WARNING: 4 threads for alignment length 15 will slow down analysis
Threads: 4 / Time: 53.876 sec / Speedup: 1.782 / Efficiency: 45% / LogL: -494
Determining AUTO threadcount: done in 257.564 secs using 89.39% CPU
BEST NUMBER OF THREADS: 2

WARNING: 2 threads for alignment length 15 will slow down analysis
265  TPM2u+F       463.016      18  962.033      964.566      1028.028
Measuring multi-threading efficiency up to 96 CPU cores
Increase to 10 rounds for branch lengths
331518 trees examined
Threads: 1 / Time: 96.000 sec / Speedup: 1.000 / Efficiency: 100% / LogL: -491
WARNING: 2 threads for alignment length 15 will slow down analysis
Threads: 2 / Time: 63.818 sec / Speedup: 1.504 / Efficiency: 75% / LogL: -491
WARNING: 3 threads for alignment length 15 will slow down analysis
Threads: 3 / Time: 63.810 sec / Speedup: 1.504 / Efficiency: 50% / LogL: -491
WARNING: 4 threads for alignment length 15 will slow down analysis
Threads: 4 / Time: 64.042 sec / Speedup: 1.499 / Efficiency: 37% / LogL: -491
Determining AUTO threadcount: done in 287.671 secs using 87.86% CPU
BEST NUMBER OF THREADS: 2

WARNING: 2 threads for alignment length 15 will slow down analysis
266  TPM2u+F+I     463.016      19  964.033      966.858      1033.695
Measuring multi-threading efficiency up to 96 CPU cores
Increase to 10 rounds for branch lengths
280392 trees examined
Threads: 1 / Time: 96.000 sec / Speedup: 1.000 / Efficiency: 100% / LogL: -491
WARNING: 2 threads for alignment length 15 will slow down analysis
Threads: 2 / Time: 68.798 sec / Speedup: 1.395 / Efficiency: 70% / LogL: -491
WARNING: 3 threads for alignment length 15 will slow down analysis
Threads: 3 / Time: 68.862 sec / Speedup: 1.394 / Efficiency: 46% / LogL: -491
Determining AUTO threadcount: done in 233.661 secs using 91.36% CPU
BEST NUMBER OF THREADS: 2

WARNING: 2 threads for alignment length 15 will slow down analysis
267  TPM2u+F+G4    463.016      19  964.033      966.858      1033.695
Measuring multi-threading efficiency up to 96 CPU cores
Increase to 10 rounds for branch lengths
446588 trees examined
Threads: 1 / Time: 96.000 sec / Speedup: 1.000 / Efficiency: 100% / LogL: -499
WARNING: 2 threads for alignment length 15 will slow down analysis
Threads: 2 / Time: 53.114 sec / Speedup: 1.807 / Efficiency: 90% / LogL: -499
WARNING: 3 threads for alignment length 15 will slow down analysis
Threads: 3 / Time: 53.052 sec / Speedup: 1.810 / Efficiency: 60% / LogL: -499
WARNING: 4 threads for alignment length 15 will slow down analysis
Threads: 4 / Time: 53.105 sec / Speedup: 1.808 / Efficiency: 45% / LogL: -499
Determining AUTO threadcount: done in 255.272 secs using 89.44% CPU
BEST NUMBER OF THREADS: 2

WARNING: 2 threads for alignment length 15 will slow down analysis
287  TPM2          465.821      15  961.643      963.401      1016.639
Measuring multi-threading efficiency up to 96 CPU cores
Increase to 10 rounds for branch lengths
349534 trees examined
Threads: 1 / Time: 96.000 sec / Speedup: 1.000 / Efficiency: 100% / LogL: -493
WARNING: 2 threads for alignment length 15 will slow down analysis
Threads: 2 / Time: 62.189 sec / Speedup: 1.544 / Efficiency: 77% / LogL: -493
WARNING: 3 threads for alignment length 15 will slow down analysis
Threads: 3 / Time: 62.036 sec / Speedup: 1.547 / Efficiency: 52% / LogL: -493
WARNING: 4 threads for alignment length 15 will slow down analysis
Threads: 4 / Time: 62.219 sec / Speedup: 1.543 / Efficiency: 39% / LogL: -493
Determining AUTO threadcount: done in 282.445 secs using 88.37% CPU
BEST NUMBER OF THREADS: 2

WARNING: 2 threads for alignment length 15 will slow down analysis
288  TPM2+I        465.824      16  963.648      965.648      1022.311
Measuring multi-threading efficiency up to 96 CPU cores
Increase to 10 rounds for branch lengths
283030 trees examined
Threads: 1 / Time: 96.000 sec / Speedup: 1.000 / Efficiency: 100% / LogL: -494
WARNING: 2 threads for alignment length 15 will slow down analysis
Threads: 2 / Time: 68.029 sec / Speedup: 1.411 / Efficiency: 71% / LogL: -494
WARNING: 3 threads for alignment length 15 will slow down analysis
Threads: 3 / Time: 68.014 sec / Speedup: 1.411 / Efficiency: 47% / LogL: -494
Determining AUTO threadcount: done in 232.044 secs using 91.65% CPU
BEST NUMBER OF THREADS: 2

WARNING: 2 threads for alignment length 15 will slow down analysis
289  TPM2+G4       465.822      16  963.643      965.643      1022.306
Measuring multi-threading efficiency up to 96 CPU cores
Increase to 10 rounds for branch lengths
440835 trees examined
Threads: 1 / Time: 96.000 sec / Speedup: 1.000 / Efficiency: 100% / LogL: -488
WARNING: 2 threads for alignment length 15 will slow down analysis
Threads: 2 / Time: 54.031 sec / Speedup: 1.777 / Efficiency: 89% / LogL: -488
WARNING: 3 threads for alignment length 15 will slow down analysis
Threads: 3 / Time: 53.994 sec / Speedup: 1.778 / Efficiency: 59% / LogL: -488
WARNING: 4 threads for alignment length 15 will slow down analysis
Threads: 4 / Time: 54.125 sec / Speedup: 1.774 / Efficiency: 44% / LogL: -488
Determining AUTO threadcount: done in 258.151 secs using 89.23% CPU
BEST NUMBER OF THREADS: 2

WARNING: 2 threads for alignment length 15 will slow down analysis
309  K3Pu+F        463.063      18  962.125      964.659      1028.121
Measuring multi-threading efficiency up to 96 CPU cores
Increase to 10 rounds for branch lengths
330577 trees examined
Threads: 1 / Time: 96.000 sec / Speedup: 1.000 / Efficiency: 100% / LogL: -489
WARNING: 2 threads for alignment length 15 will slow down analysis
Threads: 2 / Time: 63.649 sec / Speedup: 1.508 / Efficiency: 75% / LogL: -489
WARNING: 3 threads for alignment length 15 will slow down analysis
Threads: 3 / Time: 63.539 sec / Speedup: 1.511 / Efficiency: 50% / LogL: -489
WARNING: 4 threads for alignment length 15 will slow down analysis
Threads: 4 / Time: 63.585 sec / Speedup: 1.510 / Efficiency: 38% / LogL: -489
Determining AUTO threadcount: done in 286.774 secs using 87.99% CPU
BEST NUMBER OF THREADS: 2

WARNING: 2 threads for alignment length 15 will slow down analysis
310  K3Pu+F+I      463.063      19  964.125      966.951      1033.787
Measuring multi-threading efficiency up to 96 CPU cores
Increase to 10 rounds for branch lengths
280063 trees examined
Threads: 1 / Time: 96.000 sec / Speedup: 1.000 / Efficiency: 100% / LogL: -484
WARNING: 2 threads for alignment length 15 will slow down analysis
Threads: 2 / Time: 68.988 sec / Speedup: 1.392 / Efficiency: 70% / LogL: -484
WARNING: 3 threads for alignment length 15 will slow down analysis
Threads: 3 / Time: 68.935 sec / Speedup: 1.393 / Efficiency: 46% / LogL: -484
Determining AUTO threadcount: done in 233.924 secs using 91.49% CPU
BEST NUMBER OF THREADS: 2

WARNING: 2 threads for alignment length 15 will slow down analysis
311  K3Pu+F+G4     463.063      19  964.126      966.951      1033.788
Measuring multi-threading efficiency up to 96 CPU cores
Increase to 10 rounds for branch lengths
444730 trees examined
Threads: 1 / Time: 96.000 sec / Speedup: 1.000 / Efficiency: 100% / LogL: -497
WARNING: 2 threads for alignment length 15 will slow down analysis
Threads: 2 / Time: 52.968 sec / Speedup: 1.812 / Efficiency: 91% / LogL: -497
WARNING: 3 threads for alignment length 15 will slow down analysis
Threads: 3 / Time: 52.872 sec / Speedup: 1.816 / Efficiency: 61% / LogL: -497
WARNING: 4 threads for alignment length 15 will slow down analysis
Threads: 4 / Time: 52.951 sec / Speedup: 1.813 / Efficiency: 45% / LogL: -497
Determining AUTO threadcount: done in 254.791 secs using 89.47% CPU
BEST NUMBER OF THREADS: 2

WARNING: 2 threads for alignment length 15 will slow down analysis
331  K3P           465.851      15  961.701      963.460      1016.698
Measuring multi-threading efficiency up to 96 CPU cores
Increase to 10 rounds for branch lengths
348470 trees examined
Threads: 1 / Time: 96.000 sec / Speedup: 1.000 / Efficiency: 100% / LogL: -491
WARNING: 2 threads for alignment length 15 will slow down analysis
Threads: 2 / Time: 61.759 sec / Speedup: 1.554 / Efficiency: 78% / LogL: -491
WARNING: 3 threads for alignment length 15 will slow down analysis
Threads: 3 / Time: 61.771 sec / Speedup: 1.554 / Efficiency: 52% / LogL: -491
WARNING: 4 threads for alignment length 15 will slow down analysis
Threads: 4 / Time: 61.795 sec / Speedup: 1.554 / Efficiency: 39% / LogL: -491
Determining AUTO threadcount: done in 281.325 secs using 88.17% CPU
BEST NUMBER OF THREADS: 2

WARNING: 2 threads for alignment length 15 will slow down analysis
332  K3P+I         465.851      16  963.701      965.701      1022.364
Measuring multi-threading efficiency up to 96 CPU cores
Increase to 10 rounds for branch lengths
284936 trees examined
Threads: 1 / Time: 96.000 sec / Speedup: 1.000 / Efficiency: 100% / LogL: -486
WARNING: 2 threads for alignment length 15 will slow down analysis
Threads: 2 / Time: 68.251 sec / Speedup: 1.407 / Efficiency: 70% / LogL: -486
WARNING: 3 threads for alignment length 15 will slow down analysis
Threads: 3 / Time: 68.244 sec / Speedup: 1.407 / Efficiency: 47% / LogL: -486
Determining AUTO threadcount: done in 232.495 secs using 91.42% CPU
BEST NUMBER OF THREADS: 2

WARNING: 2 threads for alignment length 15 will slow down analysis
333  K3P+G4        465.851      16  963.702      965.702      1022.365
Measuring multi-threading efficiency up to 96 CPU cores
Increase to 10 rounds for branch lengths
440697 trees examined
Threads: 1 / Time: 96.000 sec / Speedup: 1.000 / Efficiency: 100% / LogL: -479
WARNING: 2 threads for alignment length 15 will slow down analysis
Threads: 2 / Time: 54.075 sec / Speedup: 1.775 / Efficiency: 89% / LogL: -479
WARNING: 3 threads for alignment length 15 will slow down analysis
Threads: 3 / Time: 53.873 sec / Speedup: 1.782 / Efficiency: 59% / LogL: -479
WARNING: 4 threads for alignment length 15 will slow down analysis
Threads: 4 / Time: 53.938 sec / Speedup: 1.780 / Efficiency: 44% / LogL: -479
Determining AUTO threadcount: done in 257.886 secs using 89% CPU
BEST NUMBER OF THREADS: 2

WARNING: 2 threads for alignment length 15 will slow down analysis
353  TN+F          463.228      18  962.456      964.989      1028.451
Measuring multi-threading efficiency up to 96 CPU cores
Increase to 10 rounds for branch lengths
331907 trees examined
Threads: 1 / Time: 96.000 sec / Speedup: 1.000 / Efficiency: 100% / LogL: -492
WARNING: 2 threads for alignment length 15 will slow down analysis
Threads: 2 / Time: 63.893 sec / Speedup: 1.503 / Efficiency: 75% / LogL: -492
WARNING: 3 threads for alignment length 15 will slow down analysis
Threads: 3 / Time: 63.878 sec / Speedup: 1.503 / Efficiency: 50% / LogL: -492
WARNING: 4 threads for alignment length 15 will slow down analysis
Threads: 4 / Time: 63.916 sec / Speedup: 1.502 / Efficiency: 38% / LogL: -492
Determining AUTO threadcount: done in 287.688 secs using 87.96% CPU
BEST NUMBER OF THREADS: 2

WARNING: 2 threads for alignment length 15 will slow down analysis
354  TN+F+I        463.228      19  964.456      967.281      1034.118
Measuring multi-threading efficiency up to 96 CPU cores
Increase to 10 rounds for branch lengths
279872 trees examined
Threads: 1 / Time: 96.000 sec / Speedup: 1.000 / Efficiency: 100% / LogL: -490
WARNING: 2 threads for alignment length 15 will slow down analysis
Threads: 2 / Time: 69.248 sec / Speedup: 1.386 / Efficiency: 69% / LogL: -490
WARNING: 3 threads for alignment length 15 will slow down analysis
Threads: 3 / Time: 69.256 sec / Speedup: 1.386 / Efficiency: 46% / LogL: -490
Determining AUTO threadcount: done in 234.505 secs using 91.46% CPU
BEST NUMBER OF THREADS: 2

WARNING: 2 threads for alignment length 15 will slow down analysis
355  TN+F+G4       463.228      19  964.456      967.281      1034.118
Measuring multi-threading efficiency up to 96 CPU cores
Increase to 10 rounds for branch lengths
444076 trees examined
Threads: 1 / Time: 96.000 sec / Speedup: 1.000 / Efficiency: 100% / LogL: -497
WARNING: 2 threads for alignment length 15 will slow down analysis
Threads: 2 / Time: 52.863 sec / Speedup: 1.816 / Efficiency: 91% / LogL: -497
WARNING: 3 threads for alignment length 15 will slow down analysis
Threads: 3 / Time: 52.787 sec / Speedup: 1.819 / Efficiency: 61% / LogL: -497
WARNING: 4 threads for alignment length 15 will slow down analysis
Threads: 4 / Time: 52.827 sec / Speedup: 1.817 / Efficiency: 45% / LogL: -497
Determining AUTO threadcount: done in 254.478 secs using 89.64% CPU
BEST NUMBER OF THREADS: 2

WARNING: 2 threads for alignment length 15 will slow down analysis
375  TNe           466.252      15  962.504      964.262      1017.500
Measuring multi-threading efficiency up to 96 CPU cores
Increase to 10 rounds for branch lengths
349589 trees examined
Threads: 1 / Time: 96.000 sec / Speedup: 1.000 / Efficiency: 100% / LogL: -486
WARNING: 2 threads for alignment length 15 will slow down analysis
Threads: 2 / Time: 62.098 sec / Speedup: 1.546 / Efficiency: 77% / LogL: -486
WARNING: 3 threads for alignment length 15 will slow down analysis
Threads: 3 / Time: 62.060 sec / Speedup: 1.547 / Efficiency: 52% / LogL: -486
WARNING: 4 threads for alignment length 15 will slow down analysis
Threads: 4 / Time: 62.129 sec / Speedup: 1.545 / Efficiency: 39% / LogL: -486
Determining AUTO threadcount: done in 282.287 secs using 88.13% CPU
BEST NUMBER OF THREADS: 2

WARNING: 2 threads for alignment length 15 will slow down analysis
376  TNe+I         466.252      16  964.503      966.503      1023.166
Measuring multi-threading efficiency up to 96 CPU cores
Increase to 10 rounds for branch lengths
285523 trees examined
Threads: 1 / Time: 96.000 sec / Speedup: 1.000 / Efficiency: 100% / LogL: -494
WARNING: 2 threads for alignment length 15 will slow down analysis
Threads: 2 / Time: 68.243 sec / Speedup: 1.407 / Efficiency: 70% / LogL: -494
WARNING: 3 threads for alignment length 15 will slow down analysis
Threads: 3 / Time: 68.358 sec / Speedup: 1.404 / Efficiency: 47% / LogL: -494
Determining AUTO threadcount: done in 232.601 secs using 91.21% CPU
BEST NUMBER OF THREADS: 2

WARNING: 2 threads for alignment length 15 will slow down analysis
377  TNe+G4        466.252      16  964.503      966.503      1023.166
Measuring multi-threading efficiency up to 96 CPU cores
Increase to 10 rounds for branch lengths
438802 trees examined
Threads: 1 / Time: 96.000 sec / Speedup: 1.000 / Efficiency: 100% / LogL: -495
WARNING: 2 threads for alignment length 15 will slow down analysis
Threads: 2 / Time: 53.635 sec / Speedup: 1.790 / Efficiency: 89% / LogL: -495
WARNING: 3 threads for alignment length 15 will slow down analysis
Threads: 3 / Time: 53.684 sec / Speedup: 1.788 / Efficiency: 60% / LogL: -495
WARNING: 4 threads for alignment length 15 will slow down analysis
Threads: 4 / Time: 53.675 sec / Speedup: 1.789 / Efficiency: 45% / LogL: -495
Determining AUTO threadcount: done in 256.994 secs using 89.2% CPU
BEST NUMBER OF THREADS: 2

WARNING: 2 threads for alignment length 15 will slow down analysis
397  HKY+F         463.670      17  961.341      963.599      1023.670
Measuring multi-threading efficiency up to 96 CPU cores
Increase to 10 rounds for branch lengths
331790 trees examined
Threads: 1 / Time: 96.000 sec / Speedup: 1.000 / Efficiency: 100% / LogL: -483
WARNING: 2 threads for alignment length 15 will slow down analysis
Threads: 2 / Time: 63.808 sec / Speedup: 1.505 / Efficiency: 75% / LogL: -483
WARNING: 3 threads for alignment length 15 will slow down analysis
Threads: 3 / Time: 63.775 sec / Speedup: 1.505 / Efficiency: 50% / LogL: -483
WARNING: 4 threads for alignment length 15 will slow down analysis
Threads: 4 / Time: 63.819 sec / Speedup: 1.504 / Efficiency: 38% / LogL: -483
Determining AUTO threadcount: done in 287.403 secs using 88.03% CPU
BEST NUMBER OF THREADS: 2

WARNING: 2 threads for alignment length 15 will slow down analysis
398  HKY+F+I       463.670      18  963.341      965.874      1029.336
Measuring multi-threading efficiency up to 96 CPU cores
Increase to 10 rounds for branch lengths
279683 trees examined
Threads: 1 / Time: 96.000 sec / Speedup: 1.000 / Efficiency: 100% / LogL: -493
WARNING: 2 threads for alignment length 15 will slow down analysis
Threads: 2 / Time: 68.707 sec / Speedup: 1.397 / Efficiency: 70% / LogL: -493
WARNING: 3 threads for alignment length 15 will slow down analysis
Threads: 3 / Time: 68.671 sec / Speedup: 1.398 / Efficiency: 47% / LogL: -493
Determining AUTO threadcount: done in 233.379 secs using 91.27% CPU
BEST NUMBER OF THREADS: 2

WARNING: 2 threads for alignment length 15 will slow down analysis
399  HKY+F+G4      463.670      18  963.341      965.874      1029.336
Measuring multi-threading efficiency up to 96 CPU cores
Increase to 10 rounds for branch lengths
448755 trees examined
Threads: 1 / Time: 96.000 sec / Speedup: 1.000 / Efficiency: 100% / LogL: -497
WARNING: 2 threads for alignment length 15 will slow down analysis
Threads: 2 / Time: 53.101 sec / Speedup: 1.808 / Efficiency: 90% / LogL: -497
WARNING: 3 threads for alignment length 15 will slow down analysis
Threads: 3 / Time: 53.122 sec / Speedup: 1.807 / Efficiency: 60% / LogL: -497
WARNING: 4 threads for alignment length 15 will slow down analysis
Threads: 4 / Time: 53.134 sec / Speedup: 1.807 / Efficiency: 45% / LogL: -497
Determining AUTO threadcount: done in 255.358 secs using 89.24% CPU
BEST NUMBER OF THREADS: 2

WARNING: 2 threads for alignment length 15 will slow down analysis
419  K2P           466.451      14  960.902      962.435      1012.232
Measuring multi-threading efficiency up to 96 CPU cores
Increase to 10 rounds for branch lengths
346842 trees examined
Threads: 1 / Time: 96.000 sec / Speedup: 1.000 / Efficiency: 100% / LogL: -493
WARNING: 2 threads for alignment length 15 will slow down analysis
Threads: 2 / Time: 61.805 sec / Speedup: 1.553 / Efficiency: 78% / LogL: -493
WARNING: 3 threads for alignment length 15 will slow down analysis
Threads: 3 / Time: 61.736 sec / Speedup: 1.555 / Efficiency: 52% / LogL: -493
WARNING: 4 threads for alignment length 15 will slow down analysis
Threads: 4 / Time: 61.781 sec / Speedup: 1.554 / Efficiency: 39% / LogL: -493
Determining AUTO threadcount: done in 281.322 secs using 88.17% CPU
BEST NUMBER OF THREADS: 2

WARNING: 2 threads for alignment length 15 will slow down analysis
420  K2P+I         466.451      15  962.902      964.660      1017.898
Measuring multi-threading efficiency up to 96 CPU cores
Increase to 10 rounds for branch lengths
282674 trees examined
Threads: 1 / Time: 96.000 sec / Speedup: 1.000 / Efficiency: 100% / LogL: -487
WARNING: 2 threads for alignment length 15 will slow down analysis
Threads: 2 / Time: 68.062 sec / Speedup: 1.410 / Efficiency: 71% / LogL: -487
WARNING: 3 threads for alignment length 15 will slow down analysis
Threads: 3 / Time: 68.047 sec / Speedup: 1.411 / Efficiency: 47% / LogL: -487
Determining AUTO threadcount: done in 232.11 secs using 91.46% CPU
BEST NUMBER OF THREADS: 2

WARNING: 2 threads for alignment length 15 will slow down analysis
421  K2P+G4        466.451      15  962.902      964.661      1017.899
Measuring multi-threading efficiency up to 96 CPU cores
Increase to 10 rounds for branch lengths
455049 trees examined
Threads: 1 / Time: 96.000 sec / Speedup: 1.000 / Efficiency: 100% / LogL: -500
WARNING: 2 threads for alignment length 15 will slow down analysis
Threads: 2 / Time: 52.789 sec / Speedup: 1.819 / Efficiency: 91% / LogL: -500
WARNING: 3 threads for alignment length 15 will slow down analysis
Threads: 3 / Time: 52.732 sec / Speedup: 1.821 / Efficiency: 61% / LogL: -500
WARNING: 4 threads for alignment length 15 will slow down analysis
Threads: 4 / Time: 52.766 sec / Speedup: 1.819 / Efficiency: 45% / LogL: -500
Determining AUTO threadcount: done in 254.287 secs using 89.22% CPU
BEST NUMBER OF THREADS: 2

WARNING: 2 threads for alignment length 15 will slow down analysis
441  F81+F         470.647      16  973.294      975.294      1031.957
Measuring multi-threading efficiency up to 96 CPU cores
Increase to 10 rounds for branch lengths
324694 trees examined
Threads: 1 / Time: 96.000 sec / Speedup: 1.000 / Efficiency: 100% / LogL: -496
WARNING: 2 threads for alignment length 15 will slow down analysis
Threads: 2 / Time: 64.346 sec / Speedup: 1.492 / Efficiency: 75% / LogL: -496
WARNING: 3 threads for alignment length 15 will slow down analysis
Threads: 3 / Time: 64.346 sec / Speedup: 1.492 / Efficiency: 50% / LogL: -496
Determining AUTO threadcount: done in 224.693 secs using 88.29% CPU
BEST NUMBER OF THREADS: 2

WARNING: 2 threads for alignment length 15 will slow down analysis
442  F81+F+I       470.647      17  975.294      977.553      1037.624
Measuring multi-threading efficiency up to 96 CPU cores
Increase to 10 rounds for branch lengths
314010 trees examined
Threads: 1 / Time: 96.000 sec / Speedup: 1.000 / Efficiency: 100% / LogL: -495
WARNING: 2 threads for alignment length 15 will slow down analysis
Threads: 2 / Time: 65.757 sec / Speedup: 1.460 / Efficiency: 73% / LogL: -495
WARNING: 3 threads for alignment length 15 will slow down analysis
Threads: 3 / Time: 65.718 sec / Speedup: 1.461 / Efficiency: 49% / LogL: -495
Determining AUTO threadcount: done in 227.476 secs using 91.64% CPU
BEST NUMBER OF THREADS: 2

WARNING: 2 threads for alignment length 15 will slow down analysis
443  F81+F+G4      470.647      17  975.295      977.553      1037.624
Measuring multi-threading efficiency up to 96 CPU cores
Increase to 10 rounds for branch lengths
457165 trees examined
Threads: 1 / Time: 96.000 sec / Speedup: 1.000 / Efficiency: 100% / LogL: -502
WARNING: 2 threads for alignment length 15 will slow down analysis
Threads: 2 / Time: 52.017 sec / Speedup: 1.846 / Efficiency: 92% / LogL: -502
WARNING: 3 threads for alignment length 15 will slow down analysis
Threads: 3 / Time: 52.035 sec / Speedup: 1.845 / Efficiency: 61% / LogL: -502
WARNING: 4 threads for alignment length 15 will slow down analysis
Threads: 4 / Time: 52.078 sec / Speedup: 1.843 / Efficiency: 46% / LogL: -502
Determining AUTO threadcount: done in 252.132 secs using 89.42% CPU
BEST NUMBER OF THREADS: 2

WARNING: 2 threads for alignment length 15 will slow down analysis
463  JC            473.491      13  972.981      974.305      1020.645
Measuring multi-threading efficiency up to 96 CPU cores
Increase to 10 rounds for branch lengths
349558 trees examined
Threads: 1 / Time: 96.000 sec / Speedup: 1.000 / Efficiency: 100% / LogL: -500
WARNING: 2 threads for alignment length 15 will slow down analysis
Threads: 2 / Time: 62.237 sec / Speedup: 1.542 / Efficiency: 77% / LogL: -500
WARNING: 3 threads for alignment length 15 will slow down analysis
Threads: 3 / Time: 62.216 sec / Speedup: 1.543 / Efficiency: 51% / LogL: -500
WARNING: 4 threads for alignment length 15 will slow down analysis
Threads: 4 / Time: 62.216 sec / Speedup: 1.543 / Efficiency: 39% / LogL: -500
Determining AUTO threadcount: done in 282.67 secs using 88.27% CPU
BEST NUMBER OF THREADS: 2

WARNING: 2 threads for alignment length 15 will slow down analysis
464  JC+I          473.491      14  974.981      976.514      1026.311
Measuring multi-threading efficiency up to 96 CPU cores
Increase to 10 rounds for branch lengths
338231 trees examined
Threads: 1 / Time: 96.000 sec / Speedup: 1.000 / Efficiency: 100% / LogL: -500
WARNING: 2 threads for alignment length 15 will slow down analysis
Threads: 2 / Time: 62.953 sec / Speedup: 1.525 / Efficiency: 76% / LogL: -500
WARNING: 3 threads for alignment length 15 will slow down analysis
Threads: 3 / Time: 62.926 sec / Speedup: 1.526 / Efficiency: 51% / LogL: -500
WARNING: 4 threads for alignment length 15 will slow down analysis
Threads: 4 / Time: 62.940 sec / Speedup: 1.525 / Efficiency: 38% / LogL: -500
Determining AUTO threadcount: done in 284.821 secs using 91.76% CPU
BEST NUMBER OF THREADS: 2

WARNING: 2 threads for alignment length 15 will slow down analysis
465  JC+G4         473.491      14  974.982      976.514      1026.311
Akaike Information Criterion:           K2P
Corrected Akaike Information Criterion: K2P
Bayesian Information Criterion:         K2P
Best-fit model: K2P chosen according to BIC

All model information printed to tmp/28S_tree/Eimeira_ASV28S_align.fasta.model.gz
CPU time for ModelFinder: 16603.838 seconds (4h:36m:43s)
Wall-clock time for ModelFinder: 18522.815 seconds (5h:8m:42s)
Generating 5000 samples for ultrafast bootstrap (seed: 967271)...

NOTE: 0 MB RAM (0 GB) is required!
Measuring multi-threading efficiency up to 96 CPU cores
Increase to 10 rounds for branch lengths
460405 trees examined
Threads: 1 / Time: 96.000 sec / Speedup: 1.000 / Efficiency: 100% / LogL: -503
WARNING: 2 threads for alignment length 15 will slow down analysis
Threads: 2 / Time: 52.176 sec / Speedup: 1.840 / Efficiency: 92% / LogL: -503
WARNING: 3 threads for alignment length 15 will slow down analysis
Threads: 3 / Time: 52.068 sec / Speedup: 1.844 / Efficiency: 61% / LogL: -503
WARNING: 4 threads for alignment length 15 will slow down analysis
Threads: 4 / Time: 52.182 sec / Speedup: 1.840 / Efficiency: 46% / LogL: -503
Determining AUTO threadcount: done in 252.427 secs using 89.46% CPU
BEST NUMBER OF THREADS: 2

WARNING: 2 threads for alignment length 15 will slow down analysis
Estimate model parameters (epsilon = 0.100)
1. Initial log-likelihood: -466.451
Optimal log-likelihood: -466.451
Rate parameters:  A-C: 1.00000  A-G: 17.95194  A-T: 1.00000  C-G: 1.00000  C-T: 17.95194  G-T: 1.00000
Base frequencies:  A: 0.250  C: 0.250  G: 0.250  T: 0.250
Parameters optimization took 1 rounds (0.000 sec)
Wrote distance file to... 
Computing ML distances based on estimated model parameters...
Calculating distance matrix: done in 0.000139426 secs using 903% CPU
Computing ML distances took 0.000182 sec (of wall-clock time) 0.001300 sec (of CPU time)
Setting up auxiliary I and S matrices: done in 0.000287566 secs using 176% CPU
Constructing RapidNJ tree: done in 0.00131074 secs using 206.3% CPU
Computing RapidNJ tree took 0.001710 sec (of wall-clock time) 0.003414 sec (of CPU time)
Log-likelihood of RapidNJ tree: -466.454
--------------------------------------------------------------------
|             INITIALIZING CANDIDATE TREE SET                      |
--------------------------------------------------------------------
Generating 98 parsimony trees... 0.021 second
Computing log-likelihood of 79 initial trees ... 0.012 seconds
Current best score: -466.451

Do NNI search on 20 best initial trees
Optimizing NNI: done in 0.00153909 secs using 127.3% CPU
Estimate model parameters (epsilon = 0.100)
BETTER TREE FOUND at iteration 1: -466.451
Optimizing NNI: done in 0.00116109 secs using 99.73% CPU
Optimizing NNI: done in 0.00123029 secs using 424.9% CPU
Optimizing NNI: done in 0.00115807 secs using 99.74% CPU
Optimizing NNI: done in 0.00118655 secs using 99.79% CPU
UPDATE BEST LOG-LIKELIHOOD: -466.451
Optimizing NNI: done in 0.00120373 secs using 431.6% CPU
Optimizing NNI: done in 0.00110236 secs using 99.79% CPU
Optimizing NNI: done in 0.00118778 secs using 99.77% CPU
UPDATE BEST LOG-LIKELIHOOD: -466.451
Optimizing NNI: done in 0.00122321 secs using 427.2% CPU
Optimizing NNI: done in 0.00120187 secs using 99.76% CPU
Iteration 10 / LogL: -466.451 / Time: 0h:4m:12s
Optimizing NNI: done in 0.00118449 secs using 99.79% CPU
Optimizing NNI: done in 0.00121889 secs using 427.7% CPU
Optimizing NNI: done in 0.00117606 secs using 99.82% CPU
Optimizing NNI: done in 0.00116432 secs using 99.72% CPU
Optimizing NNI: done in 0.00120881 secs using 429.8% CPU
Optimizing NNI: done in 0.00116134 secs using 99.8% CPU
Optimizing NNI: done in 0.0011469 secs using 99.75% CPU
Optimizing NNI: done in 0.0011821 secs using 438.9% CPU
Optimizing NNI: done in 0.00114491 secs using 99.75% CPU
Optimizing NNI: done in 0.00115581 secs using 99.76% CPU
Iteration 20 / LogL: -466.451 / Time: 0h:4m:12s
Finish initializing candidate tree set (4)
Current best tree score: -466.451 / CPU time: 0.084
Number of iterations: 20
--------------------------------------------------------------------
|               OPTIMIZING CANDIDATE TREE SET                      |
--------------------------------------------------------------------
Optimizing NNI: done in 0.00210201 secs using 170.8% CPU
Optimizing NNI: done in 0.00115458 secs using 99.78% CPU
Optimizing NNI: done in 0.00209424 secs using 153.8% CPU
Optimizing NNI: done in 0.00115427 secs using 99.8% CPU
Optimizing NNI: done in 0.00117067 secs using 159.6% CPU
Optimizing NNI: done in 0.0017833 secs using 99.87% CPU
Optimizing NNI: done in 0.00179896 secs using 110% CPU
Optimizing NNI: done in 0.00115291 secs using 99.75% CPU
UPDATE BEST LOG-LIKELIHOOD: -466.451
Optimizing NNI: done in 0.00212077 secs using 98.88% CPU
Optimizing NNI: done in 0.0018494 secs using 134.4% CPU
Iteration 30 / LogL: -466.451 / Time: 0h:4m:12s (0h:10m:18s left)
Optimizing NNI: done in 0.00215836 secs using 197.2% CPU
Optimizing NNI: done in 0.00110068 secs using 99.76% CPU
UPDATE BEST LOG-LIKELIHOOD: -466.451
Optimizing NNI: done in 0.00110924 secs using 98.36% CPU
Optimizing NNI: done in 0.00211403 secs using 99.86% CPU
Optimizing NNI: done in 0.00190516 secs using 159% CPU
Optimizing NNI: done in 0.00178917 secs using 99.82% CPU
Optimizing NNI: done in 0.00164764 secs using 99.84% CPU
Optimizing NNI: done in 0.00215592 secs using 147.9% CPU
Optimizing NNI: done in 0.00220278 secs using 159.3% CPU
Optimizing NNI: done in 0.00113711 secs using 99.73% CPU
Iteration 40 / LogL: -466.451 / Time: 0h:4m:12s (0h:6m:35s left)
Optimizing NNI: done in 0.00182959 secs using 120.4% CPU
Optimizing NNI: done in 0.00112746 secs using 99.69% CPU
Optimizing NNI: done in 0.00176561 secs using 112.4% CPU
Optimizing NNI: done in 0.00183739 secs using 99.87% CPU
Optimizing NNI: done in 0.00379915 secs using 189.8% CPU
Optimizing NNI: done in 0.00175067 secs using 99.85% CPU
Optimizing NNI: done in 0.00171442 secs
UPDATE BEST LOG-LIKELIHOOD: -466.451
Optimizing NNI: done in 0.00117245 secs using 88.28% CPU
Optimizing NNI: done in 0.00176157 secs using 89.47% CPU
Optimizing NNI: done in 0.00252514 secs
Iteration 50 / LogL: -466.452 / Time: 0h:4m:13s (0h:4m:23s left)
Log-likelihood cutoff on original alignment: -484.208
Optimizing NNI: done in 0.00277265 secs using 109.8% CPU
Optimizing NNI: done in 0.001151 secs using 170.5% CPU
Optimizing NNI: done in 0.00106936 secs using 99.78% CPU
Optimizing NNI: done in 0.00170267 secs using 179.4% CPU
Optimizing NNI: done in 0.00182184 secs using 99.84% CPU
Optimizing NNI: done in 0.00117707 secs using 144.9% CPU
Optimizing NNI: done in 0.00159092 secs using 99.82% CPU
Optimizing NNI: done in 0.00243801 secs using 121% CPU
Optimizing NNI: done in 0.00185461 secs using 175.1% CPU
Optimizing NNI: done in 0.00114077 secs using 99.76% CPU
Iteration 60 / LogL: -466.451 / Time: 0h:4m:13s (0h:2m:56s left)
Optimizing NNI: done in 0.0021627 secs using 7.953% CPU
Optimizing NNI: done in 0.00215639 secs using 179.5% CPU
Optimizing NNI: done in 0.00176634 secs using 99.81% CPU
Optimizing NNI: done in 0.00113147 secs using 119% CPU
Optimizing NNI: done in 0.00207815 secs using 99.9% CPU
Optimizing NNI: done in 0.00128679 secs using 99.78% CPU
Optimizing NNI: done in 0.00182024 secs using 178.3% CPU
Optimizing NNI: done in 0.00208209 secs using 99.9% CPU
Optimizing NNI: done in 0.00107043 secs using 99.68% CPU
Optimizing NNI: done in 0.00170392 secs using 89.5% CPU
Iteration 70 / LogL: -466.453 / Time: 0h:4m:13s (0h:1m:53s left)
Optimizing NNI: done in 0.00113986 secs using 99.75% CPU
Optimizing NNI: done in 0.00180715 secs using 180.4% CPU
Optimizing NNI: done in 0.00112396 secs using 99.74% CPU
Optimizing NNI: done in 0.0017631 secs using 165.6% CPU
Optimizing NNI: done in 0.00112073 secs using 99.76% CPU
Optimizing NNI: done in 0.00133635 secs using 143.4% CPU
Optimizing NNI: done in 0.00112856 secs using 99.77% CPU
UPDATE BEST LOG-LIKELIHOOD: -466.451
Optimizing NNI: done in 0.00179707 secs using 120.7% CPU
Optimizing NNI: done in 0.00107157 secs using 99.76% CPU
Optimizing NNI: done in 0.00182883 secs using 107.1% CPU
Iteration 80 / LogL: -466.451 / Time: 0h:4m:13s (0h:1m:7s left)
Optimizing NNI: done in 0.00216237 secs using 173.2% CPU
Optimizing NNI: done in 0.00173673 secs using 99.84% CPU
Optimizing NNI: done in 0.00271503 secs using 109.9% CPU
Optimizing NNI: done in 0.00182286 secs using 142.1% CPU
Optimizing NNI: done in 0.00114318 secs using 99.72% CPU
Optimizing NNI: done in 0.00181847 secs
Optimizing NNI: done in 0.00114372 secs using 89.36% CPU
Optimizing NNI: done in 0.00206598 secs using 99.86% CPU
Optimizing NNI: done in 0.0011418 secs using 152% CPU
Optimizing NNI: done in 0.00285578 secs using 189.7% CPU
Iteration 90 / LogL: -466.452 / Time: 0h:4m:14s (0h:0m:31s left)
Optimizing NNI: done in 0.00177558 secs using 99.85% CPU
Optimizing NNI: done in 0.00176728 secs using 113.5% CPU
Optimizing NNI: done in 0.00240413 secs using 161.6% CPU
Optimizing NNI: done in 0.0011394 secs using 99.7% CPU
Optimizing NNI: done in 0.00171847 secs using 117% CPU
UPDATE BEST LOG-LIKELIHOOD: -466.451
Optimizing NNI: done in 0.00216646 secs using 168.9% CPU
Optimizing NNI: done in 0.00170099 secs using 99.82% CPU
Optimizing NNI: done in 0.00208734 secs using 99.84% CPU
Optimizing NNI: done in 0.00115789 secs using 176.8% CPU
Optimizing NNI: done in 0.00114844 secs using 99.79% CPU
Iteration 100 / LogL: -466.451 / Time: 0h:4m:14s (0h:0m:2s left)
Log-likelihood cutoff on original alignment: -485.180
NOTE: Bootstrap correlation coefficient of split occurrence frequencies: 0.966
NOTE: UFBoot does not converge, continue at least 100 more iterations
Optimizing NNI: done in 0.001813 secs using 99.78% CPU
Optimizing NNI: done in 0.00118941 secs using 122.1% CPU
Optimizing NNI: done in 0.00111107 secs using 99.72% CPU
UPDATE BEST LOG-LIKELIHOOD: -466.451
Optimizing NNI: done in 0.00118389 secs using 97.31% CPU
Optimizing NNI: done in 0.00301262 secs using 139% CPU
Optimizing NNI: done in 0.00178733 secs using 168.2% CPU
Optimizing NNI: done in 0.00211839 secs using 99.89% CPU
Optimizing NNI: done in 0.00172333 secs using 99.86% CPU
Optimizing NNI: done in 0.00250651 secs using 129.4% CPU
Optimizing NNI: done in 0.00127613 secs using 195% CPU
Iteration 110 / LogL: -481.212 / Time: 0h:4m:14s (0h:3m:30s left)
Optimizing NNI: done in 0.00113211 secs using 99.73% CPU
Optimizing NNI: done in 0.00114677 secs using 141.7% CPU
Optimizing NNI: done in 0.00207439 secs using 99.84% CPU
Optimizing NNI: done in 0.00290967 secs using 99.91% CPU
Optimizing NNI: done in 0.00279555 secs using 99.91% CPU
Optimizing NNI: done in 0.00204763 secs using 99.87% CPU
Optimizing NNI: done in 0.00162297 secs using 126.8% CPU
Optimizing NNI: done in 0.00111008 secs using 99.72% CPU
Optimizing NNI: done in 0.00206377 secs using 99.87% CPU
Optimizing NNI: done in 0.00114082 secs using 153.3% CPU
Iteration 120 / LogL: -466.451 / Time: 0h:4m:14s (0h:2m:51s left)
Optimizing NNI: done in 0.00176803 secs using 99.83% CPU
Optimizing NNI: done in 0.00114024 secs using 99.72% CPU
Optimizing NNI: done in 0.00149122 secs using 99.78% CPU
Optimizing NNI: done in 0.0011388 secs using 99.75% CPU
Optimizing NNI: done in 0.00170598 secs using 182% CPU
Optimizing NNI: done in 0.00212532 secs using 99.89% CPU
Optimizing NNI: done in 0.00145539 secs using 99.84% CPU
Optimizing NNI: done in 0.00252852 secs
Optimizing NNI: done in 0.00112513 secs using 89.41% CPU
Optimizing NNI: done in 0.00211311 secs using 99.9% CPU
Iteration 130 / LogL: -466.452 / Time: 0h:4m:15s (0h:2m:18s left)
Optimizing NNI: done in 0.00114868 secs using 136% CPU
Optimizing NNI: done in 0.00203879 secs using 99.86% CPU
Optimizing NNI: done in 0.00321023 secs using 99.93% CPU
Optimizing NNI: done in 0.00127322 secs using 89.46% CPU
Optimizing NNI: done in 0.00207489 secs using 145.7% CPU
Optimizing NNI: done in 0.00183493 secs using 96.35% CPU
Optimizing NNI: done in 0.00114016 secs using 99.72% CPU
Optimizing NNI: done in 0.00213423 secs using 122.7% CPU
Optimizing NNI: done in 0.00252514 secs using 159% CPU
Optimizing NNI: done in 0.0021133 secs using 198.7% CPU
Iteration 140 / LogL: -466.452 / Time: 0h:4m:15s (0h:1m:50s left)
Optimizing NNI: done in 0.00294991 secs using 187.8% CPU
Optimizing NNI: done in 0.00113489 secs using 99.75% CPU
Optimizing NNI: done in 0.001131 secs using 156.8% CPU
Optimizing NNI: done in 0.001136 secs using 99.82% CPU
Optimizing NNI: done in 0.00249364 secs using 111% CPU
Optimizing NNI: done in 0.0010722 secs using 179.4% CPU
Optimizing NNI: done in 0.0017841 secs using 99.88% CPU
Optimizing NNI: done in 0.00112547 secs using 99.78% CPU
Optimizing NNI: done in 0.00182267 secs using 166.8% CPU
Optimizing NNI: done in 0.00185916 secs using 99.88% CPU
Iteration 150 / LogL: -466.451 / Time: 0h:4m:15s (0h:1m:25s left)
Log-likelihood cutoff on original alignment: -485.180
Optimizing NNI: done in 0.00116684 secs using 99.59% CPU
Optimizing NNI: done in 0.00208942 secs using 4.26% CPU
Optimizing NNI: done in 0.00182345 secs using 163% CPU
Optimizing NNI: done in 0.00178575 secs using 99.85% CPU
Optimizing NNI: done in 0.00114412 secs using 99.81% CPU
Optimizing NNI: done in 0.00173102 secs using 159.9% CPU
Optimizing NNI: done in 0.00129096 secs using 99.77% CPU
Optimizing NNI: done in 0.00112847 secs using 99.78% CPU
Optimizing NNI: done in 0.00145712 secs using 195.2% CPU
Optimizing NNI: done in 0.00113664 secs using 99.77% CPU
Iteration 160 / LogL: -466.451 / Time: 0h:4m:15s (0h:1m:4s left)
Optimizing NNI: done in 0.00188282 secs using 113.4% CPU
Optimizing NNI: done in 0.00152492 secs using 131.9% CPU
Optimizing NNI: done in 0.00114545 secs using 99.79% CPU
Optimizing NNI: done in 0.00319976 secs using 99.91% CPU
Optimizing NNI: done in 0.00184108 secs using 99.83% CPU
Optimizing NNI: done in 0.00176102 secs using 118.6% CPU
Optimizing NNI: done in 0.00154772 secs using 174% CPU
Optimizing NNI: done in 0.00156553 secs using 99.84% CPU
Optimizing NNI: done in 0.00118488 secs using 99.84% CPU
Optimizing NNI: done in 0.00131813 secs using 99.84% CPU
Iteration 170 / LogL: -481.211 / Time: 0h:4m:16s (0h:0m:45s left)
Optimizing NNI: done in 0.00170391 secs using 99.83% CPU
Optimizing NNI: done in 0.00173521 secs using 99.87% CPU
Optimizing NNI: done in 0.00209871 secs using 150.5% CPU
Optimizing NNI: done in 0.00115313 secs using 99.82% CPU
Optimizing NNI: done in 0.00211253 secs using 99.83% CPU
Optimizing NNI: done in 0.00115488 secs using 153.3% CPU
Optimizing NNI: done in 0.00182416 secs using 99.83% CPU
Optimizing NNI: done in 0.00113327 secs using 99.8% CPU
Optimizing NNI: done in 0.00113051 secs using 99.78% CPU
Optimizing NNI: done in 0.00209003 secs using 99.85% CPU
Iteration 180 / LogL: -466.451 / Time: 0h:4m:16s (0h:0m:28s left)
Optimizing NNI: done in 0.0011489 secs using 99.75% CPU
Optimizing NNI: done in 0.00214245 secs using 153.3% CPU
Optimizing NNI: done in 0.00116016 secs using 99.73% CPU
Optimizing NNI: done in 0.00174334 secs using 99.87% CPU
Optimizing NNI: done in 0.001788 secs using 135.9% CPU
Optimizing NNI: done in 0.00181503 secs using 99.83% CPU
Optimizing NNI: done in 0.00112257 secs using 99.77% CPU
Optimizing NNI: done in 0.00458491 secs using 119.1% CPU
Optimizing NNI: done in 0.00212245 secs using 99.88% CPU
Optimizing NNI: done in 0.00213735 secs using 99.89% CPU
Iteration 190 / LogL: -466.451 / Time: 0h:4m:16s (0h:0m:13s left)
Optimizing NNI: done in 0.00187695 secs using 124.8% CPU
Optimizing NNI: done in 0.00183806 secs using 180.5% CPU
Optimizing NNI: done in 0.00107773 secs using 99.75% CPU
Optimizing NNI: done in 0.0028491 secs using 113.1% CPU
Optimizing NNI: done in 0.00115626 secs using 137.3% CPU
Optimizing NNI: done in 0.00180767 secs using 55.15% CPU
Optimizing NNI: done in 0.001126 secs using 89.34% CPU
Optimizing NNI: done in 0.00187854 secs using 136.2% CPU
Optimizing NNI: done in 0.00125255 secs using 99.8% CPU
Optimizing NNI: done in 0.00113813 secs using 99.81% CPU
Iteration 200 / LogL: -466.451 / Time: 0h:4m:16s (0h:0m:0s left)
Log-likelihood cutoff on original alignment: -484.180
NOTE: Bootstrap correlation coefficient of split occurrence frequencies: 0.982
NOTE: UFBoot does not converge, continue at least 100 more iterations
Optimizing NNI: done in 0.0011589 secs using 99.66% CPU
Optimizing NNI: done in 0.00213269 secs using 147.8% CPU
Optimizing NNI: done in 0.00274108 secs using 153.8% CPU
Optimizing NNI: done in 0.00107992 secs using 92.14% CPU
Optimizing NNI: done in 0.0020973 secs using 99.84% CPU
Optimizing NNI: done in 0.0011491 secs using 99.73% CPU
Optimizing NNI: done in 0.00216022 secs
Optimizing NNI: done in 0.00114851 secs using 89.42% CPU
Optimizing NNI: done in 0.00215201 secs using 99.86% CPU
Optimizing NNI: done in 0.00184672 secs using 99.85% CPU
Iteration 210 / LogL: -466.452 / Time: 0h:4m:17s (0h:1m:50s left)
Optimizing NNI: done in 0.00177529 secs using 122% CPU
Optimizing NNI: done in 0.00114329 secs
Optimizing NNI: done in 0.00179088 secs using 89.51% CPU
Optimizing NNI: done in 0.00204787 secs using 99.86% CPU
Optimizing NNI: done in 0.00116622 secs using 120.5% CPU
Optimizing NNI: done in 0.00210206 secs using 185.9% CPU
Optimizing NNI: done in 0.00169935 secs using 99.86% CPU
Optimizing NNI: done in 0.00321249 secs using 99.92% CPU
Optimizing NNI: done in 0.00203472 secs using 99.87% CPU
Optimizing NNI: done in 0.00113145 secs using 99.78% CPU
Iteration 220 / LogL: -466.451 / Time: 0h:4m:17s (0h:1m:34s left)
Optimizing NNI: done in 0.0011387 secs using 153.2% CPU
Optimizing NNI: done in 0.00179267 secs using 99.85% CPU
Optimizing NNI: done in 0.00178909 secs using 99.83% CPU
Optimizing NNI: done in 0.00186182 secs using 99.79% CPU
Optimizing NNI: done in 0.00173074 secs using 99.84% CPU
Optimizing NNI: done in 0.00169808 secs using 89.51% CPU
Optimizing NNI: done in 0.00174885 secs using 149.5% CPU
Optimizing NNI: done in 0.00117863 secs using 99.78% CPU
Optimizing NNI: done in 0.00112776 secs using 99.76% CPU
Optimizing NNI: done in 0.00114022 secs using 169.4% CPU
Iteration 230 / LogL: -466.451 / Time: 0h:4m:17s (0h:1m:18s left)
Optimizing NNI: done in 0.0010751 secs using 99.71% CPU
Optimizing NNI: done in 0.00209236 secs using 105.8% CPU
Optimizing NNI: done in 0.00174107 secs using 144.7% CPU
Optimizing NNI: done in 0.00232107 secs using 179.9% CPU
Optimizing NNI: done in 0.00111551 secs using 99.77% CPU
Optimizing NNI: done in 0.0020528 secs using 99.86% CPU
Optimizing NNI: done in 0.00115222 secs using 141.6% CPU
Optimizing NNI: done in 0.00111799 secs using 99.82% CPU
Optimizing NNI: done in 0.00176015 secs using 99.88% CPU
Optimizing NNI: done in 0.00178182 secs using 120.2% CPU
Iteration 240 / LogL: -466.452 / Time: 0h:4m:17s (0h:1m:4s left)
Optimizing NNI: done in 0.0011276 secs using 99.77% CPU
Optimizing NNI: done in 0.00113482 secs using 99.75% CPU
Optimizing NNI: done in 0.00208586 secs using 121% CPU
Optimizing NNI: done in 0.00171562 secs using 150.8% CPU
Optimizing NNI: done in 0.00107622 secs using 99.79% CPU
Optimizing NNI: done in 0.00204139 secs using 99.88% CPU
Optimizing NNI: done in 0.0011673 secs using 99.8% CPU
Optimizing NNI: done in 0.00112951 secs using 99.78% CPU
Optimizing NNI: done in 0.00204484 secs using 99.86% CPU
Optimizing NNI: done in 0.00184781 secs using 99.85% CPU
Iteration 250 / LogL: -466.451 / Time: 0h:4m:18s (0h:0m:51s left)
Log-likelihood cutoff on original alignment: -484.105
Optimizing NNI: done in 0.00207891 secs using 99.81% CPU
Optimizing NNI: done in 0.00254515 secs using 99.88% CPU
Optimizing NNI: done in 0.00114963 secs using 99.77% CPU
Optimizing NNI: done in 0.00211021 secs using 129.7% CPU
Optimizing NNI: done in 0.00157304 secs using 172.4% CPU
Optimizing NNI: done in 0.00182281 secs using 99.85% CPU
Optimizing NNI: done in 0.00181129 secs using 99.82% CPU
Optimizing NNI: done in 0.00114242 secs using 99.7% CPU
Optimizing NNI: done in 0.00112505 secs using 93.15% CPU
Optimizing NNI: done in 0.00266752 secs using 99.91% CPU
Iteration 260 / LogL: -466.452 / Time: 0h:4m:18s (0h:0m:39s left)
Optimizing NNI: done in 0.00204374 secs using 89.54% CPU
Optimizing NNI: done in 0.0011387 secs using 99.76% CPU
Optimizing NNI: done in 0.00212956 secs using 117.3% CPU
Optimizing NNI: done in 0.00108555 secs using 175.9% CPU
Optimizing NNI: done in 0.00113641 secs using 99.79% CPU
Optimizing NNI: done in 0.00112208 secs using 99.73% CPU
Optimizing NNI: done in 0.00369684 secs using 113.6% CPU
Optimizing NNI: done in 0.0014552 secs using 99.78% CPU
Optimizing NNI: done in 0.00188853 secs using 123.9% CPU
Optimizing NNI: done in 0.00283551 secs using 139.9% CPU
Iteration 270 / LogL: -466.452 / Time: 0h:4m:18s (0h:0m:28s left)
Optimizing NNI: done in 0.00115021 secs using 169.8% CPU
Optimizing NNI: done in 0.00181365 secs using 99.85% CPU
Optimizing NNI: done in 0.00114128 secs using 99.8% CPU
Optimizing NNI: done in 0.00175273 secs using 119.9% CPU
Optimizing NNI: done in 0.00114525 secs using 201.4% CPU
Optimizing NNI: done in 0.00204 secs using 99.85% CPU
Optimizing NNI: done in 0.00175088 secs using 99.84% CPU
Optimizing NNI: done in 0.00117029 secs using 99.72% CPU
Optimizing NNI: done in 0.00114135 secs using 184.8% CPU
Optimizing NNI: done in 0.00113263 secs using 99.77% CPU
Iteration 280 / LogL: -466.451 / Time: 0h:4m:18s (0h:0m:18s left)
Optimizing NNI: done in 0.00113294 secs using 99.74% CPU
Optimizing NNI: done in 0.00112525 secs using 89.4% CPU
Optimizing NNI: done in 0.00114231 secs using 99.71% CPU
Optimizing NNI: done in 0.00117025 secs using 116.4% CPU
Optimizing NNI: done in 0.00280161 secs using 41.23% CPU
Optimizing NNI: done in 0.00117262 secs using 89.46% CPU
Optimizing NNI: done in 0.00188566 secs using 185.3% CPU
Optimizing NNI: done in 0.00212991 secs using 166.7% CPU
Optimizing NNI: done in 0.00114286 secs using 99.75% CPU
Optimizing NNI: done in 0.002131 secs using 99.86% CPU
Iteration 290 / LogL: -466.452 / Time: 0h:4m:19s (0h:0m:8s left)
Optimizing NNI: done in 0.00174952 secs using 99.8% CPU
Optimizing NNI: done in 0.00251168 secs using 103.7% CPU
Optimizing NNI: done in 0.00211237 secs using 99.84% CPU
Optimizing NNI: done in 0.00114235 secs using 133% CPU
Optimizing NNI: done in 0.00116957 secs using 99.78% CPU
Optimizing NNI: done in 0.00112716 secs using 99.81% CPU
Optimizing NNI: done in 0.00114048 secs using 126.5% CPU
Optimizing NNI: done in 0.00113541 secs using 99.79% CPU
Optimizing NNI: done in 0.00113021 secs using 99.8% CPU
Optimizing NNI: done in 0.00204937 secs using 109.9% CPU
Iteration 300 / LogL: -466.452 / Time: 0h:4m:19s (0h:0m:0s left)
Log-likelihood cutoff on original alignment: -484.180
NOTE: Bootstrap correlation coefficient of split occurrence frequencies: 0.978
NOTE: UFBoot does not converge, continue at least 100 more iterations
Optimizing NNI: done in 0.0011538 secs using 99.67% CPU
Optimizing NNI: done in 0.0018173 secs using 152.8% CPU
Optimizing NNI: done in 0.00210326 secs using 166.9% CPU
Optimizing NNI: done in 0.00112541 secs using 99.7% CPU
Optimizing NNI: done in 0.00174969 secs using 99.85% CPU
Optimizing NNI: done in 0.00113062 secs using 99.77% CPU
Optimizing NNI: done in 0.00115682 secs using 177% CPU
Optimizing NNI: done in 0.00154701 secs using 99.81% CPU
Optimizing NNI: done in 0.00175271 secs using 99.85% CPU
Optimizing NNI: done in 0.00169124 secs using 99.87% CPU
Iteration 310 / LogL: -466.453 / Time: 0h:4m:19s (0h:1m:15s left)
Optimizing NNI: done in 0.00114328 secs using 121.4% CPU
Optimizing NNI: done in 0.00181059 secs using 182.8% CPU
Optimizing NNI: done in 0.00113857 secs using 99.69% CPU
Optimizing NNI: done in 0.0011401 secs using 99.73% CPU
Optimizing NNI: done in 0.00242542 secs
Optimizing NNI: done in 0.00170125 secs using 138.7% CPU
Optimizing NNI: done in 0.00412023 secs using 135.7% CPU
Optimizing NNI: done in 0.0011307 secs using 99.76% CPU
Optimizing NNI: done in 0.00112274 secs using 170.4% CPU
Optimizing NNI: done in 0.00114297 secs using 99.74% CPU
Iteration 320 / LogL: -466.451 / Time: 0h:4m:19s (0h:1m:5s left)
Optimizing NNI: done in 0.00114979 secs using 99.76% CPU
Optimizing NNI: done in 0.00175096 secs using 134.4% CPU
Optimizing NNI: done in 0.00176208 secs using 161.3% CPU
Optimizing NNI: done in 0.00112969 secs using 99.76% CPU
Optimizing NNI: done in 0.0017434 secs using 99.86% CPU
Optimizing NNI: done in 0.00174225 secs using 99.87% CPU
Optimizing NNI: done in 0.00449475 secs using 194.3% CPU
Optimizing NNI: done in 0.00176184 secs using 99.9% CPU
Optimizing NNI: done in 0.00112271 secs using 99.76% CPU
Optimizing NNI: done in 0.00214696 secs using 99.86% CPU
Iteration 330 / LogL: -466.453 / Time: 0h:4m:20s (0h:0m:55s left)
Optimizing NNI: done in 0.00212065 secs using 99.83% CPU
Optimizing NNI: done in 0.00182941 secs using 113.6% CPU
Optimizing NNI: done in 0.00179567 secs using 143.8% CPU
Optimizing NNI: done in 0.00117116 secs using 99.73% CPU
Optimizing NNI: done in 0.00185893 secs using 99.84% CPU
Optimizing NNI: done in 0.00249601 secs using 99.88% CPU
Optimizing NNI: done in 0.00108327 secs using 99.7% CPU
Optimizing NNI: done in 0.00112422 secs using 99.8% CPU
Optimizing NNI: done in 0.00116394 secs
Optimizing NNI: done in 0.00113138 secs using 89.36% CPU
Iteration 340 / LogL: -466.451 / Time: 0h:4m:20s (0h:0m:46s left)
Optimizing NNI: done in 0.0024977 secs using 99.89% CPU
Optimizing NNI: done in 0.00185154 secs using 99.86% CPU
Optimizing NNI: done in 0.00177233 secs using 99.87% CPU
Optimizing NNI: done in 0.00114865 secs
Optimizing NNI: done in 0.00113247 secs using 89.45% CPU
Optimizing NNI: done in 0.00169645 secs using 99.86% CPU
Optimizing NNI: done in 0.00180237 secs using 99.87% CPU
Optimizing NNI: done in 0.00219024 secs using 99.85% CPU
Optimizing NNI: done in 0.00212066 secs using 94.97% CPU
Optimizing NNI: done in 0.00168901 secs using 99.82% CPU
Iteration 350 / LogL: -466.453 / Time: 0h:4m:20s (0h:0m:37s left)
Log-likelihood cutoff on original alignment: -484.492
Optimizing NNI: done in 0.00156785 secs using 99.75% CPU
Optimizing NNI: done in 0.00183946 secs using 99.81% CPU
Optimizing NNI: done in 0.00112051 secs using 99.69% CPU
Optimizing NNI: done in 0.00113309 secs using 99.82% CPU
Optimizing NNI: done in 0.00180507 secs using 136.9% CPU
Optimizing NNI: done in 0.00114736 secs using 189% CPU
Optimizing NNI: done in 0.00175668 secs using 99.85% CPU
Optimizing NNI: done in 0.00177314 secs using 99.82% CPU
Optimizing NNI: done in 0.00266784 secs using 201.2% CPU
Optimizing NNI: done in 0.00407314 secs using 155.9% CPU
Iteration 360 / LogL: -466.453 / Time: 0h:4m:20s (0h:0m:29s left)
Optimizing NNI: done in 0.00175695 secs using 122.7% CPU
Optimizing NNI: done in 0.00113787 secs using 165.9% CPU
Optimizing NNI: done in 0.00107293 secs using 99.73% CPU
Optimizing NNI: done in 0.00107833 secs using 99.69% CPU
Optimizing NNI: done in 0.00205056 secs using 107% CPU
Optimizing NNI: done in 0.00210711 secs using 105.6% CPU
Optimizing NNI: done in 0.00114613 secs using 122.3% CPU
Optimizing NNI: done in 0.00113076 secs using 99.67% CPU
Optimizing NNI: done in 0.00115278 secs using 99.76% CPU
Optimizing NNI: done in 0.0024967 secs using 99.89% CPU
Iteration 370 / LogL: -466.451 / Time: 0h:4m:21s (0h:0m:21s left)
Optimizing NNI: done in 0.00205711 secs using 99.85% CPU
Optimizing NNI: done in 0.00269654 secs using 99.91% CPU
Optimizing NNI: done in 0.00121079 secs using 99.77% CPU
Optimizing NNI: done in 0.00210631 secs using 99.89% CPU
Optimizing NNI: done in 0.00182995 secs using 99.84% CPU
Optimizing NNI: done in 0.00207556 secs using 103.4% CPU
Optimizing NNI: done in 0.00181286 secs using 113.4% CPU
Optimizing NNI: done in 0.00215998 secs using 118% CPU
Optimizing NNI: done in 0.00118344 secs using 140.3% CPU
Optimizing NNI: done in 0.00107458 secs using 99.67% CPU
Iteration 380 / LogL: -466.451 / Time: 0h:4m:21s (0h:0m:13s left)
Optimizing NNI: done in 0.00112069 secs using 99.76% CPU
Optimizing NNI: done in 0.00174794 secs using 99.83% CPU
Optimizing NNI: done in 0.00214846 secs using 99.89% CPU
Optimizing NNI: done in 0.00211722 secs using 99.85% CPU
Optimizing NNI: done in 0.00114558 secs using 99.78% CPU
Optimizing NNI: done in 0.00108858 secs using 174.1% CPU
Optimizing NNI: done in 0.00213386 secs using 183% CPU
Optimizing NNI: done in 0.00207072 secs using 181.4% CPU
Optimizing NNI: done in 0.0015776 secs using 186.4% CPU
Optimizing NNI: done in 0.0021663 secs using 172% CPU
Iteration 390 / LogL: -466.452 / Time: 0h:4m:21s (0h:0m:6s left)
Optimizing NNI: done in 0.00112948 secs using 202.6% CPU
Optimizing NNI: done in 0.00226454 secs using 178.2% CPU
Optimizing NNI: done in 0.00107089 secs using 99.73% CPU
Optimizing NNI: done in 0.0016956 secs using 99.79% CPU
Optimizing NNI: done in 0.00409933 secs using 163.3% CPU
Optimizing NNI: done in 0.00183454 secs using 129.6% CPU
Optimizing NNI: done in 0.00117923 secs using 158.7% CPU
Optimizing NNI: done in 0.00179233 secs using 167.5% CPU
Optimizing NNI: done in 0.00113309 secs using 99.73% CPU
Optimizing NNI: done in 0.00203033 secs using 99.89% CPU
Iteration 400 / LogL: -466.452 / Time: 0h:4m:21s (0h:0m:0s left)
Log-likelihood cutoff on original alignment: -485.396
NOTE: Bootstrap correlation coefficient of split occurrence frequencies: 0.990
TREE SEARCH COMPLETED AFTER 400 ITERATIONS / Time: 0h:4m:22s

--------------------------------------------------------------------
|                    FINALIZING TREE SEARCH                        |
--------------------------------------------------------------------
Performs final model parameters optimization
Estimate model parameters (epsilon = 0.010)
1. Initial log-likelihood: -466.451
Optimal log-likelihood: -466.451
Rate parameters:  A-C: 1.00000  A-G: 17.95274  A-T: 1.00000  C-G: 1.00000  C-T: 17.95274  G-T: 1.00000
Base frequencies:  A: 0.250  C: 0.250  G: 0.250  T: 0.250
Parameters optimization took 1 rounds (0.000 sec)
BEST SCORE FOUND : -466.451
Creating bootstrap support values...
Split supports printed to NEXUS file tmp/28S_tree/Eimeira_ASV28S_align.fasta.splits.nex
Total tree length: 0.035

Total number of iterations: 400
CPU time used for tree search: 10.808 sec (0h:0m:10s)
Wall-clock time used for tree search: 9.544 sec (0h:0m:9s)
Total CPU time used: 236.773 sec (0h:3m:56s)
Total wall-clock time used: 262.124 sec (0h:4m:22s)

Computing bootstrap consensus tree...
Reading input file tmp/28S_tree/Eimeira_ASV28S_align.fasta.splits.nex...
8 taxa and 67 splits.
Consensus tree written to tmp/28S_tree/Eimeira_ASV28S_align.fasta.contree
Reading input trees file tmp/28S_tree/Eimeira_ASV28S_align.fasta.contree
Log-likelihood of consensus tree: -466.454

Analysis results written to: 
  IQ-TREE report:                tmp/28S_tree/Eimeira_ASV28S_align.fasta.iqtree
  Maximum-likelihood tree:       tmp/28S_tree/Eimeira_ASV28S_align.fasta.treefile
  Likelihood distances:          tmp/28S_tree/Eimeira_ASV28S_align.fasta.mldist

Ultrafast bootstrap approximation results written to:
  Split support values:          tmp/28S_tree/Eimeira_ASV28S_align.fasta.splits.nex
  Consensus tree:                tmp/28S_tree/Eimeira_ASV28S_align.fasta.contree
  Screen log file:               tmp/28S_tree/Eimeira_ASV28S_align.fasta.log

Date and Time: Wed Jan 18 21:53:41 2023
